The system is: Darwin - 20.6.0 - arm64
Compiling the C compiler identification source file "CMakeCCompilerId.c" succeeded.
Compiler:  
Build flags: 
Id flags:  

The output was:
0
objc[34078]: Class AMSupportURLConnectionDelegate is implemented in both /usr/lib/libauthinstall.dylib (0x20334bad8) and /System/Library/PrivateFrameworks/MobileDevice.framework/Versions/A/MobileDevice (0x1255802b8). One of the two will be used. Which one is undefined.
objc[34078]: Class AMSupportURLSession is implemented in both /usr/lib/libauthinstall.dylib (0x20334bb28) and /System/Library/PrivateFrameworks/MobileDevice.framework/Versions/A/MobileDevice (0x125580308). One of the two will be used. Which one is undefined.
Command line invocation:
    /Applications/Xcode.app/Contents/Developer/usr/bin/xcodebuild

User defaults from command line:
    IDEPackageSupportUseBuiltinSCM = YES

note: Using new build system
note: Planning build
note: Analyzing workspace
note: Constructing build description
note: Build preparation complete
CreateBuildDirectory /Users/mac/Desktop/xcode/CMakeFiles/3.21.2/CompilerIdC
    cd /Users/mac/Desktop/xcode/CMakeFiles/3.21.2/CompilerIdC/CompilerIdC.xcodeproj
    builtin-create-build-directory /Users/mac/Desktop/xcode/CMakeFiles/3.21.2/CompilerIdC

warning: Traditional headermap style is no longer supported; please migrate to using separate headermaps and set 'ALWAYS_SEARCH_USER_PATHS' to NO. (in target 'CompilerIdC' from project 'CompilerIdC')
WriteAuxiliaryFile /Users/mac/Desktop/xcode/CMakeFiles/3.21.2/CompilerIdC/CompilerIdC.build/Debug/CompilerIdC.build/CompilerIdC-all-target-headers.hmap (in target 'CompilerIdC' from project 'CompilerIdC')
    cd /Users/mac/Desktop/xcode/CMakeFiles/3.21.2/CompilerIdC
    write-file /Users/mac/Desktop/xcode/CMakeFiles/3.21.2/CompilerIdC/CompilerIdC.build/Debug/CompilerIdC.build/CompilerIdC-all-target-headers.hmap

WriteAuxiliaryFile /Users/mac/Desktop/xcode/CMakeFiles/3.21.2/CompilerIdC/CompilerIdC.build/Debug/CompilerIdC.build/CompilerIdC-own-target-headers.hmap (in target 'CompilerIdC' from project 'CompilerIdC')
    cd /Users/mac/Desktop/xcode/CMakeFiles/3.21.2/CompilerIdC
    write-file /Users/mac/Desktop/xcode/CMakeFiles/3.21.2/CompilerIdC/CompilerIdC.build/Debug/CompilerIdC.build/CompilerIdC-own-target-headers.hmap

WriteAuxiliaryFile /Users/mac/Desktop/xcode/CMakeFiles/3.21.2/CompilerIdC/CompilerIdC.build/Debug/CompilerIdC.build/CompilerIdC-all-non-framework-target-headers.hmap (in target 'CompilerIdC' from project 'CompilerIdC')
    cd /Users/mac/Desktop/xcode/CMakeFiles/3.21.2/CompilerIdC
    write-file /Users/mac/Desktop/xcode/CMakeFiles/3.21.2/CompilerIdC/CompilerIdC.build/Debug/CompilerIdC.build/CompilerIdC-all-non-framework-target-headers.hmap

WriteAuxiliaryFile /Users/mac/Desktop/xcode/CMakeFiles/3.21.2/CompilerIdC/CompilerIdC.build/Debug/CompilerIdC.build/CompilerIdC.hmap (in target 'CompilerIdC' from project 'CompilerIdC')
    cd /Users/mac/Desktop/xcode/CMakeFiles/3.21.2/CompilerIdC
    write-file /Users/mac/Desktop/xcode/CMakeFiles/3.21.2/CompilerIdC/CompilerIdC.build/Debug/CompilerIdC.build/CompilerIdC.hmap

WriteAuxiliaryFile /Users/mac/Desktop/xcode/CMakeFiles/3.21.2/CompilerIdC/CompilerIdC.build/Debug/CompilerIdC.build/CompilerIdC-project-headers.hmap (in target 'CompilerIdC' from project 'CompilerIdC')
    cd /Users/mac/Desktop/xcode/CMakeFiles/3.21.2/CompilerIdC
    write-file /Users/mac/Desktop/xcode/CMakeFiles/3.21.2/CompilerIdC/CompilerIdC.build/Debug/CompilerIdC.build/CompilerIdC-project-headers.hmap

WriteAuxiliaryFile /Users/mac/Desktop/xcode/CMakeFiles/3.21.2/CompilerIdC/CompilerIdC.build/Debug/CompilerIdC.build/all-product-headers.yaml (in target 'CompilerIdC' from project 'CompilerIdC')
    cd /Users/mac/Desktop/xcode/CMakeFiles/3.21.2/CompilerIdC
    write-file /Users/mac/Desktop/xcode/CMakeFiles/3.21.2/CompilerIdC/CompilerIdC.build/Debug/CompilerIdC.build/all-product-headers.yaml

WriteAuxiliaryFile /Users/mac/Desktop/xcode/CMakeFiles/3.21.2/CompilerIdC/CompilerIdC.build/Debug/CompilerIdC.build/CompilerIdC-generated-files.hmap (in target 'CompilerIdC' from project 'CompilerIdC')
    cd /Users/mac/Desktop/xcode/CMakeFiles/3.21.2/CompilerIdC
    write-file /Users/mac/Desktop/xcode/CMakeFiles/3.21.2/CompilerIdC/CompilerIdC.build/Debug/CompilerIdC.build/CompilerIdC-generated-files.hmap

WriteAuxiliaryFile /Users/mac/Desktop/xcode/CMakeFiles/3.21.2/CompilerIdC/CompilerIdC.build/Debug/CompilerIdC.build/Objects-normal/arm64/CompilerIdC.LinkFileList (in target 'CompilerIdC' from project 'CompilerIdC')
    cd /Users/mac/Desktop/xcode/CMakeFiles/3.21.2/CompilerIdC
    write-file /Users/mac/Desktop/xcode/CMakeFiles/3.21.2/CompilerIdC/CompilerIdC.build/Debug/CompilerIdC.build/Objects-normal/arm64/CompilerIdC.LinkFileList

CompileC /Users/mac/Desktop/xcode/CMakeFiles/3.21.2/CompilerIdC/CompilerIdC.build/Debug/CompilerIdC.build/Objects-normal/arm64/CMakeCCompilerId.o /Users/mac/Desktop/xcode/CMakeFiles/3.21.2/CompilerIdC/CMakeCCompilerId.c normal arm64 c com.apple.compilers.llvm.clang.1_0.compiler (in target 'CompilerIdC' from project 'CompilerIdC')
    cd /Users/mac/Desktop/xcode/CMakeFiles/3.21.2/CompilerIdC
    export LANG\=en_US.US-ASCII
    /Applications/Xcode.app/Contents/Developer/Toolchains/XcodeDefault.xctoolchain/usr/bin/clang -x c -target arm64-apple-macos11.3 -fmessage-length\=0 -fdiagnostics-show-note-include-stack -fmacro-backtrace-limit\=0 -Wno-trigraphs -fpascal-strings -Os -Wno-missing-field-initializers -Wno-missing-prototypes -Wno-return-type -Wno-missing-braces -Wparentheses -Wswitch -Wno-unused-function -Wno-unused-label -Wno-unused-parameter -Wno-unused-variable -Wunused-value -Wno-empty-body -Wno-uninitialized -Wno-unknown-pragmas -Wno-shadow -Wno-four-char-constants -Wno-conversion -Wno-constant-conversion -Wno-int-conversion -Wno-bool-conversion -Wno-enum-conversion -Wno-float-conversion -Wno-non-literal-null-conversion -Wno-objc-literal-conversion -Wno-shorten-64-to-32 -Wpointer-sign -Wno-newline-eof -isysroot /Applications/Xcode.app/Contents/Developer/Platforms/MacOSX.platform/Developer/SDKs/MacOSX11.3.sdk -fstrict-aliasing -Wdeprecated-declarations -g -fvisibility\=hidden -Wno-sign-conversion -Wno-infinite-recursion -Wno-comma -Wno-block-capture-autoreleasing -Wno-strict-prototypes -Wno-semicolon-before-method-body -iquote /Users/mac/Desktop/xcode/CMakeFiles/3.21.2/CompilerIdC/CompilerIdC.build/Debug/CompilerIdC.build/CompilerIdC-generated-files.hmap -I/Users/mac/Desktop/xcode/CMakeFiles/3.21.2/CompilerIdC/CompilerIdC.build/Debug/CompilerIdC.build/CompilerIdC-own-target-headers.hmap -I/Users/mac/Desktop/xcode/CMakeFiles/3.21.2/CompilerIdC/CompilerIdC.build/Debug/CompilerIdC.build/CompilerIdC-all-target-headers.hmap -iquote /Users/mac/Desktop/xcode/CMakeFiles/3.21.2/CompilerIdC/CompilerIdC.build/Debug/CompilerIdC.build/CompilerIdC-project-headers.hmap -I/Users/mac/Desktop/xcode/CMakeFiles/3.21.2/CompilerIdC/include -I/Users/mac/Desktop/xcode/CMakeFiles/3.21.2/CompilerIdC/CompilerIdC.build/Debug/CompilerIdC.build/DerivedSources-normal/arm64 -I/Users/mac/Desktop/xcode/CMakeFiles/3.21.2/CompilerIdC/CompilerIdC.build/Debug/CompilerIdC.build/DerivedSources/arm64 -I/Users/mac/Desktop/xcode/CMakeFiles/3.21.2/CompilerIdC/CompilerIdC.build/Debug/CompilerIdC.build/DerivedSources -F/Users/mac/Desktop/xcode/CMakeFiles/3.21.2/CompilerIdC -MMD -MT dependencies -MF /Users/mac/Desktop/xcode/CMakeFiles/3.21.2/CompilerIdC/CompilerIdC.build/Debug/CompilerIdC.build/Objects-normal/arm64/CMakeCCompilerId.d --serialize-diagnostics /Users/mac/Desktop/xcode/CMakeFiles/3.21.2/CompilerIdC/CompilerIdC.build/Debug/CompilerIdC.build/Objects-normal/arm64/CMakeCCompilerId.dia -c /Users/mac/Desktop/xcode/CMakeFiles/3.21.2/CompilerIdC/CMakeCCompilerId.c -o /Users/mac/Desktop/xcode/CMakeFiles/3.21.2/CompilerIdC/CompilerIdC.build/Debug/CompilerIdC.build/Objects-normal/arm64/CMakeCCompilerId.o

Ld /Users/mac/Desktop/xcode/CMakeFiles/3.21.2/CompilerIdC/CompilerIdC normal (in target 'CompilerIdC' from project 'CompilerIdC')
    cd /Users/mac/Desktop/xcode/CMakeFiles/3.21.2/CompilerIdC
    /Applications/Xcode.app/Contents/Developer/Toolchains/XcodeDefault.xctoolchain/usr/bin/clang -target arm64-apple-macos11.3 -isysroot /Applications/Xcode.app/Contents/Developer/Platforms/MacOSX.platform/Developer/SDKs/MacOSX11.3.sdk -L/Users/mac/Desktop/xcode/CMakeFiles/3.21.2/CompilerIdC -F/Users/mac/Desktop/xcode/CMakeFiles/3.21.2/CompilerIdC -filelist /Users/mac/Desktop/xcode/CMakeFiles/3.21.2/CompilerIdC/CompilerIdC.build/Debug/CompilerIdC.build/Objects-normal/arm64/CompilerIdC.LinkFileList -Xlinker -object_path_lto -Xlinker /Users/mac/Desktop/xcode/CMakeFiles/3.21.2/CompilerIdC/CompilerIdC.build/Debug/CompilerIdC.build/Objects-normal/arm64/CompilerIdC_lto.o -Xlinker -dependency_info -Xlinker /Users/mac/Desktop/xcode/CMakeFiles/3.21.2/CompilerIdC/CompilerIdC.build/Debug/CompilerIdC.build/Objects-normal/arm64/CompilerIdC_dependency_info.dat -o /Users/mac/Desktop/xcode/CMakeFiles/3.21.2/CompilerIdC/CompilerIdC

WriteAuxiliaryFile /Users/mac/Desktop/xcode/CMakeFiles/3.21.2/CompilerIdC/CompilerIdC.build/Debug/CompilerIdC.build/Script-2C8FEB8E15DC1A1A00E56A5D.sh (in target 'CompilerIdC' from project 'CompilerIdC')
    cd /Users/mac/Desktop/xcode/CMakeFiles/3.21.2/CompilerIdC
    write-file /Users/mac/Desktop/xcode/CMakeFiles/3.21.2/CompilerIdC/CompilerIdC.build/Debug/CompilerIdC.build/Script-2C8FEB8E15DC1A1A00E56A5D.sh

PhaseScriptExecution Run\ Script /Users/mac/Desktop/xcode/CMakeFiles/3.21.2/CompilerIdC/CompilerIdC.build/Debug/CompilerIdC.build/Script-2C8FEB8E15DC1A1A00E56A5D.sh (in target 'CompilerIdC' from project 'CompilerIdC')
    cd /Users/mac/Desktop/xcode/CMakeFiles/3.21.2/CompilerIdC
    /bin/sh -c /Users/mac/Desktop/xcode/CMakeFiles/3.21.2/CompilerIdC/CompilerIdC.build/Debug/CompilerIdC.build/Script-2C8FEB8E15DC1A1A00E56A5D.sh
GCC_VERSION=com.apple.compilers.llvm.clang.1_0
ARCHS=arm64

RegisterExecutionPolicyException /Users/mac/Desktop/xcode/CMakeFiles/3.21.2/CompilerIdC/CompilerIdC (in target 'CompilerIdC' from project 'CompilerIdC')
    cd /Users/mac/Desktop/xcode/CMakeFiles/3.21.2/CompilerIdC
    builtin-RegisterExecutionPolicyException /Users/mac/Desktop/xcode/CMakeFiles/3.21.2/CompilerIdC/CompilerIdC

** BUILD SUCCEEDED **



Compilation of the C compiler identification source "CMakeCCompilerId.c" produced "CompilerIdC"

The C compiler identification is AppleClang, found in "/Users/mac/Desktop/xcode/CMakeFiles/3.21.2/CompilerIdC/CompilerIdC"

Compiling the CXX compiler identification source file "CMakeCXXCompilerId.cpp" succeeded.
Compiler:  
Build flags: 
Id flags:  

The output was:
0
objc[34098]: Class AMSupportURLConnectionDelegate is implemented in both /usr/lib/libauthinstall.dylib (0x20334bad8) and /System/Library/PrivateFrameworks/MobileDevice.framework/Versions/A/MobileDevice (0x115e082b8). One of the two will be used. Which one is undefined.
objc[34098]: Class AMSupportURLSession is implemented in both /usr/lib/libauthinstall.dylib (0x20334bb28) and /System/Library/PrivateFrameworks/MobileDevice.framework/Versions/A/MobileDevice (0x115e08308). One of the two will be used. Which one is undefined.
Command line invocation:
    /Applications/Xcode.app/Contents/Developer/usr/bin/xcodebuild

User defaults from command line:
    IDEPackageSupportUseBuiltinSCM = YES

note: Using new build system
note: Planning build
note: Analyzing workspace
note: Constructing build description
note: Build preparation complete
CreateBuildDirectory /Users/mac/Desktop/xcode/CMakeFiles/3.21.2/CompilerIdCXX
    cd /Users/mac/Desktop/xcode/CMakeFiles/3.21.2/CompilerIdCXX/CompilerIdCXX.xcodeproj
    builtin-create-build-directory /Users/mac/Desktop/xcode/CMakeFiles/3.21.2/CompilerIdCXX

warning: Traditional headermap style is no longer supported; please migrate to using separate headermaps and set 'ALWAYS_SEARCH_USER_PATHS' to NO. (in target 'CompilerIdCXX' from project 'CompilerIdCXX')
WriteAuxiliaryFile /Users/mac/Desktop/xcode/CMakeFiles/3.21.2/CompilerIdCXX/CompilerIdCXX.build/Debug/CompilerIdCXX.build/CompilerIdCXX-generated-files.hmap (in target 'CompilerIdCXX' from project 'CompilerIdCXX')
    cd /Users/mac/Desktop/xcode/CMakeFiles/3.21.2/CompilerIdCXX
    write-file /Users/mac/Desktop/xcode/CMakeFiles/3.21.2/CompilerIdCXX/CompilerIdCXX.build/Debug/CompilerIdCXX.build/CompilerIdCXX-generated-files.hmap

WriteAuxiliaryFile /Users/mac/Desktop/xcode/CMakeFiles/3.21.2/CompilerIdCXX/CompilerIdCXX.build/Debug/CompilerIdCXX.build/CompilerIdCXX-all-non-framework-target-headers.hmap (in target 'CompilerIdCXX' from project 'CompilerIdCXX')
    cd /Users/mac/Desktop/xcode/CMakeFiles/3.21.2/CompilerIdCXX
    write-file /Users/mac/Desktop/xcode/CMakeFiles/3.21.2/CompilerIdCXX/CompilerIdCXX.build/Debug/CompilerIdCXX.build/CompilerIdCXX-all-non-framework-target-headers.hmap

WriteAuxiliaryFile /Users/mac/Desktop/xcode/CMakeFiles/3.21.2/CompilerIdCXX/CompilerIdCXX.build/Debug/CompilerIdCXX.build/CompilerIdCXX.hmap (in target 'CompilerIdCXX' from project 'CompilerIdCXX')
    cd /Users/mac/Desktop/xcode/CMakeFiles/3.21.2/CompilerIdCXX
    write-file /Users/mac/Desktop/xcode/CMakeFiles/3.21.2/CompilerIdCXX/CompilerIdCXX.build/Debug/CompilerIdCXX.build/CompilerIdCXX.hmap

WriteAuxiliaryFile /Users/mac/Desktop/xcode/CMakeFiles/3.21.2/CompilerIdCXX/CompilerIdCXX.build/Debug/CompilerIdCXX.build/CompilerIdCXX-project-headers.hmap (in target 'CompilerIdCXX' from project 'CompilerIdCXX')
    cd /Users/mac/Desktop/xcode/CMakeFiles/3.21.2/CompilerIdCXX
    write-file /Users/mac/Desktop/xcode/CMakeFiles/3.21.2/CompilerIdCXX/CompilerIdCXX.build/Debug/CompilerIdCXX.build/CompilerIdCXX-project-headers.hmap

WriteAuxiliaryFile /Users/mac/Desktop/xcode/CMakeFiles/3.21.2/CompilerIdCXX/CompilerIdCXX.build/Debug/CompilerIdCXX.build/CompilerIdCXX-all-target-headers.hmap (in target 'CompilerIdCXX' from project 'CompilerIdCXX')
    cd /Users/mac/Desktop/xcode/CMakeFiles/3.21.2/CompilerIdCXX
    write-file /Users/mac/Desktop/xcode/CMakeFiles/3.21.2/CompilerIdCXX/CompilerIdCXX.build/Debug/CompilerIdCXX.build/CompilerIdCXX-all-target-headers.hmap

WriteAuxiliaryFile /Users/mac/Desktop/xcode/CMakeFiles/3.21.2/CompilerIdCXX/CompilerIdCXX.build/Debug/CompilerIdCXX.build/all-product-headers.yaml (in target 'CompilerIdCXX' from project 'CompilerIdCXX')
    cd /Users/mac/Desktop/xcode/CMakeFiles/3.21.2/CompilerIdCXX
    write-file /Users/mac/Desktop/xcode/CMakeFiles/3.21.2/CompilerIdCXX/CompilerIdCXX.build/Debug/CompilerIdCXX.build/all-product-headers.yaml

WriteAuxiliaryFile /Users/mac/Desktop/xcode/CMakeFiles/3.21.2/CompilerIdCXX/CompilerIdCXX.build/Debug/CompilerIdCXX.build/CompilerIdCXX-own-target-headers.hmap (in target 'CompilerIdCXX' from project 'CompilerIdCXX')
    cd /Users/mac/Desktop/xcode/CMakeFiles/3.21.2/CompilerIdCXX
    write-file /Users/mac/Desktop/xcode/CMakeFiles/3.21.2/CompilerIdCXX/CompilerIdCXX.build/Debug/CompilerIdCXX.build/CompilerIdCXX-own-target-headers.hmap

CompileC /Users/mac/Desktop/xcode/CMakeFiles/3.21.2/CompilerIdCXX/CompilerIdCXX.build/Debug/CompilerIdCXX.build/Objects-normal/arm64/CMakeCXXCompilerId.o /Users/mac/Desktop/xcode/CMakeFiles/3.21.2/CompilerIdCXX/CMakeCXXCompilerId.cpp normal arm64 c++ com.apple.compilers.llvm.clang.1_0.compiler (in target 'CompilerIdCXX' from project 'CompilerIdCXX')
    cd /Users/mac/Desktop/xcode/CMakeFiles/3.21.2/CompilerIdCXX
    export LANG\=en_US.US-ASCII
    /Applications/Xcode.app/Contents/Developer/Toolchains/XcodeDefault.xctoolchain/usr/bin/clang -x c++ -target arm64-apple-macos11.3 -fmessage-length\=0 -fdiagnostics-show-note-include-stack -fmacro-backtrace-limit\=0 -Wno-trigraphs -fpascal-strings -Os -Wno-missing-field-initializers -Wno-missing-prototypes -Wno-return-type -Wno-non-virtual-dtor -Wno-overloaded-virtual -Wno-exit-time-destructors -Wno-missing-braces -Wparentheses -Wswitch -Wno-unused-function -Wno-unused-label -Wno-unused-parameter -Wno-unused-variable -Wunused-value -Wno-empty-body -Wno-uninitialized -Wno-unknown-pragmas -Wno-shadow -Wno-four-char-constants -Wno-conversion -Wno-constant-conversion -Wno-int-conversion -Wno-bool-conversion -Wno-enum-conversion -Wno-float-conversion -Wno-non-literal-null-conversion -Wno-objc-literal-conversion -Wno-shorten-64-to-32 -Wno-newline-eof -Wno-c++11-extensions -isysroot /Applications/Xcode.app/Contents/Developer/Platforms/MacOSX.platform/Developer/SDKs/MacOSX11.3.sdk -fstrict-aliasing -Wdeprecated-declarations -Winvalid-offsetof -g -fvisibility\=hidden -fvisibility-inlines-hidden -Wno-sign-conversion -Wno-infinite-recursion -Wno-move -Wno-comma -Wno-block-capture-autoreleasing -Wno-strict-prototypes -Wno-range-loop-analysis -Wno-semicolon-before-method-body -iquote /Users/mac/Desktop/xcode/CMakeFiles/3.21.2/CompilerIdCXX/CompilerIdCXX.build/Debug/CompilerIdCXX.build/CompilerIdCXX-generated-files.hmap -I/Users/mac/Desktop/xcode/CMakeFiles/3.21.2/CompilerIdCXX/CompilerIdCXX.build/Debug/CompilerIdCXX.build/CompilerIdCXX-own-target-headers.hmap -I/Users/mac/Desktop/xcode/CMakeFiles/3.21.2/CompilerIdCXX/CompilerIdCXX.build/Debug/CompilerIdCXX.build/CompilerIdCXX-all-target-headers.hmap -iquote /Users/mac/Desktop/xcode/CMakeFiles/3.21.2/CompilerIdCXX/CompilerIdCXX.build/Debug/CompilerIdCXX.build/CompilerIdCXX-project-headers.hmap -I/Users/mac/Desktop/xcode/CMakeFiles/3.21.2/CompilerIdCXX/include -I/Users/mac/Desktop/xcode/CMakeFiles/3.21.2/CompilerIdCXX/CompilerIdCXX.build/Debug/CompilerIdCXX.build/DerivedSources-normal/arm64 -I/Users/mac/Desktop/xcode/CMakeFiles/3.21.2/CompilerIdCXX/CompilerIdCXX.build/Debug/CompilerIdCXX.build/DerivedSources/arm64 -I/Users/mac/Desktop/xcode/CMakeFiles/3.21.2/CompilerIdCXX/CompilerIdCXX.build/Debug/CompilerIdCXX.build/DerivedSources -F/Users/mac/Desktop/xcode/CMakeFiles/3.21.2/CompilerIdCXX -MMD -MT dependencies -MF /Users/mac/Desktop/xcode/CMakeFiles/3.21.2/CompilerIdCXX/CompilerIdCXX.build/Debug/CompilerIdCXX.build/Objects-normal/arm64/CMakeCXXCompilerId.d --serialize-diagnostics /Users/mac/Desktop/xcode/CMakeFiles/3.21.2/CompilerIdCXX/CompilerIdCXX.build/Debug/CompilerIdCXX.build/Objects-normal/arm64/CMakeCXXCompilerId.dia -c /Users/mac/Desktop/xcode/CMakeFiles/3.21.2/CompilerIdCXX/CMakeCXXCompilerId.cpp -o /Users/mac/Desktop/xcode/CMakeFiles/3.21.2/CompilerIdCXX/CompilerIdCXX.build/Debug/CompilerIdCXX.build/Objects-normal/arm64/CMakeCXXCompilerId.o

WriteAuxiliaryFile /Users/mac/Desktop/xcode/CMakeFiles/3.21.2/CompilerIdCXX/CompilerIdCXX.build/Debug/CompilerIdCXX.build/Objects-normal/arm64/CompilerIdCXX.LinkFileList (in target 'CompilerIdCXX' from project 'CompilerIdCXX')
    cd /Users/mac/Desktop/xcode/CMakeFiles/3.21.2/CompilerIdCXX
    write-file /Users/mac/Desktop/xcode/CMakeFiles/3.21.2/CompilerIdCXX/CompilerIdCXX.build/Debug/CompilerIdCXX.build/Objects-normal/arm64/CompilerIdCXX.LinkFileList

Ld /Users/mac/Desktop/xcode/CMakeFiles/3.21.2/CompilerIdCXX/CompilerIdCXX normal (in target 'CompilerIdCXX' from project 'CompilerIdCXX')
    cd /Users/mac/Desktop/xcode/CMakeFiles/3.21.2/CompilerIdCXX
    /Applications/Xcode.app/Contents/Developer/Toolchains/XcodeDefault.xctoolchain/usr/bin/clang++ -target arm64-apple-macos11.3 -isysroot /Applications/Xcode.app/Contents/Developer/Platforms/MacOSX.platform/Developer/SDKs/MacOSX11.3.sdk -L/Users/mac/Desktop/xcode/CMakeFiles/3.21.2/CompilerIdCXX -F/Users/mac/Desktop/xcode/CMakeFiles/3.21.2/CompilerIdCXX -filelist /Users/mac/Desktop/xcode/CMakeFiles/3.21.2/CompilerIdCXX/CompilerIdCXX.build/Debug/CompilerIdCXX.build/Objects-normal/arm64/CompilerIdCXX.LinkFileList -Xlinker -object_path_lto -Xlinker /Users/mac/Desktop/xcode/CMakeFiles/3.21.2/CompilerIdCXX/CompilerIdCXX.build/Debug/CompilerIdCXX.build/Objects-normal/arm64/CompilerIdCXX_lto.o -Xlinker -dependency_info -Xlinker /Users/mac/Desktop/xcode/CMakeFiles/3.21.2/CompilerIdCXX/CompilerIdCXX.build/Debug/CompilerIdCXX.build/Objects-normal/arm64/CompilerIdCXX_dependency_info.dat -o /Users/mac/Desktop/xcode/CMakeFiles/3.21.2/CompilerIdCXX/CompilerIdCXX

WriteAuxiliaryFile /Users/mac/Desktop/xcode/CMakeFiles/3.21.2/CompilerIdCXX/CompilerIdCXX.build/Debug/CompilerIdCXX.build/Script-2C8FEB8E15DC1A1A00E56A5D.sh (in target 'CompilerIdCXX' from project 'CompilerIdCXX')
    cd /Users/mac/Desktop/xcode/CMakeFiles/3.21.2/CompilerIdCXX
    write-file /Users/mac/Desktop/xcode/CMakeFiles/3.21.2/CompilerIdCXX/CompilerIdCXX.build/Debug/CompilerIdCXX.build/Script-2C8FEB8E15DC1A1A00E56A5D.sh

PhaseScriptExecution Run\ Script /Users/mac/Desktop/xcode/CMakeFiles/3.21.2/CompilerIdCXX/CompilerIdCXX.build/Debug/CompilerIdCXX.build/Script-2C8FEB8E15DC1A1A00E56A5D.sh (in target 'CompilerIdCXX' from project 'CompilerIdCXX')
    cd /Users/mac/Desktop/xcode/CMakeFiles/3.21.2/CompilerIdCXX
    /bin/sh -c /Users/mac/Desktop/xcode/CMakeFiles/3.21.2/CompilerIdCXX/CompilerIdCXX.build/Debug/CompilerIdCXX.build/Script-2C8FEB8E15DC1A1A00E56A5D.sh
GCC_VERSION=com.apple.compilers.llvm.clang.1_0
ARCHS=arm64

RegisterExecutionPolicyException /Users/mac/Desktop/xcode/CMakeFiles/3.21.2/CompilerIdCXX/CompilerIdCXX (in target 'CompilerIdCXX' from project 'CompilerIdCXX')
    cd /Users/mac/Desktop/xcode/CMakeFiles/3.21.2/CompilerIdCXX
    builtin-RegisterExecutionPolicyException /Users/mac/Desktop/xcode/CMakeFiles/3.21.2/CompilerIdCXX/CompilerIdCXX

** BUILD SUCCEEDED **



Compilation of the CXX compiler identification source "CMakeCXXCompilerId.cpp" produced "CompilerIdCXX"

The CXX compiler identification is AppleClang, found in "/Users/mac/Desktop/xcode/CMakeFiles/3.21.2/CompilerIdCXX/CompilerIdCXX"

Detecting C compiler ABI info compiled with the following output:
Change Dir: /Users/mac/Desktop/xcode/CMakeFiles/CMakeTmp

Run Build Command(s):/usr/bin/xcodebuild -project CMAKE_TRY_COMPILE.xcodeproj build -target cmTC_879e1 -parallelizeTargets -configuration Debug -hideShellScriptEnvironment && objc[34114]: Class AMSupportURLConnectionDelegate is implemented in both /usr/lib/libauthinstall.dylib (0x20334bad8) and /System/Library/PrivateFrameworks/MobileDevice.framework/Versions/A/MobileDevice (0x113f6c2b8). One of the two will be used. Which one is undefined.
objc[34114]: Class AMSupportURLSession is implemented in both /usr/lib/libauthinstall.dylib (0x20334bb28) and /System/Library/PrivateFrameworks/MobileDevice.framework/Versions/A/MobileDevice (0x113f6c308). One of the two will be used. Which one is undefined.
Command line invocation:
    /Applications/Xcode.app/Contents/Developer/usr/bin/xcodebuild -project CMAKE_TRY_COMPILE.xcodeproj build -target cmTC_879e1 -parallelizeTargets -configuration Debug -hideShellScriptEnvironment

User defaults from command line:
    HideShellScriptEnvironment = YES
    IDEPackageSupportUseBuiltinSCM = YES

note: Using new build system
note: Building targets in parallel
note: Planning build
note: Analyzing workspace
note: Constructing build description
note: Build preparation complete
CreateBuildDirectory /Users/mac/Desktop/xcode/CMakeFiles/CMakeTmp
    cd /Users/mac/Desktop/xcode/CMakeFiles/CMakeTmp/CMAKE_TRY_COMPILE.xcodeproj
    builtin-create-build-directory /Users/mac/Desktop/xcode/CMakeFiles/CMakeTmp

CreateBuildDirectory /Users/mac/Desktop/xcode/CMakeFiles/CMakeTmp/Debug
    cd /Users/mac/Desktop/xcode/CMakeFiles/CMakeTmp/CMAKE_TRY_COMPILE.xcodeproj
    builtin-create-build-directory /Users/mac/Desktop/xcode/CMakeFiles/CMakeTmp/Debug

CompileC /Users/mac/Desktop/xcode/CMakeFiles/CMakeTmp/CMAKE_TRY_COMPILE.build/Debug/cmTC_879e1.build/Objects-normal/arm64/CMakeCCompilerABI.o /opt/homebrew/Cellar/cmake/3.21.2/share/cmake/Modules/CMakeCCompilerABI.c normal arm64 c com.apple.compilers.llvm.clang.1_0.compiler (in target 'cmTC_879e1' from project 'CMAKE_TRY_COMPILE')
    cd /Users/mac/Desktop/xcode/CMakeFiles/CMakeTmp
    /Applications/Xcode.app/Contents/Developer/Toolchains/XcodeDefault.xctoolchain/usr/bin/clang -x c -target arm64-apple-macos11.3 -fmessage-length\=0 -fdiagnostics-show-note-include-stack -fmacro-backtrace-limit\=0 -Wno-trigraphs -fpascal-strings -O0 -Wno-missing-field-initializers -Wno-missing-prototypes -Wno-return-type -Wno-missing-braces -Wparentheses -Wswitch -Wno-unused-function -Wno-unused-label -Wno-unused-parameter -Wno-unused-variable -Wunused-value -Wno-empty-body -Wno-uninitialized -Wno-unknown-pragmas -Wno-shadow -Wno-four-char-constants -Wno-conversion -Wno-constant-conversion -Wno-int-conversion -Wno-bool-conversion -Wno-enum-conversion -Wno-float-conversion -Wno-non-literal-null-conversion -Wno-objc-literal-conversion -Wno-shorten-64-to-32 -Wpointer-sign -Wno-newline-eof -DCMAKE_INTDIR\=\"Debug\" -isysroot /Applications/Xcode.app/Contents/Developer/Platforms/MacOSX.platform/Developer/SDKs/MacOSX11.3.sdk -fstrict-aliasing -Wdeprecated-declarations -g -Wno-sign-conversion -Wno-infinite-recursion -Wno-comma -Wno-block-capture-autoreleasing -Wno-strict-prototypes -Wno-semicolon-before-method-body -I/Users/mac/Desktop/xcode/CMakeFiles/CMakeTmp/Debug/include -I/Users/mac/Desktop/xcode/CMakeFiles/CMakeTmp/CMAKE_TRY_COMPILE.build/Debug/cmTC_879e1.build/DerivedSources-normal/arm64 -I/Users/mac/Desktop/xcode/CMakeFiles/CMakeTmp/CMAKE_TRY_COMPILE.build/Debug/cmTC_879e1.build/DerivedSources/arm64 -I/Users/mac/Desktop/xcode/CMakeFiles/CMakeTmp/CMAKE_TRY_COMPILE.build/Debug/cmTC_879e1.build/DerivedSources -F/Users/mac/Desktop/xcode/CMakeFiles/CMakeTmp/Debug -v -Wl,-v -MMD -MT dependencies -MF /Users/mac/Desktop/xcode/CMakeFiles/CMakeTmp/CMAKE_TRY_COMPILE.build/Debug/cmTC_879e1.build/Objects-normal/arm64/CMakeCCompilerABI.d --serialize-diagnostics /Users/mac/Desktop/xcode/CMakeFiles/CMakeTmp/CMAKE_TRY_COMPILE.build/Debug/cmTC_879e1.build/Objects-normal/arm64/CMakeCCompilerABI.dia -c /opt/homebrew/Cellar/cmake/3.21.2/share/cmake/Modules/CMakeCCompilerABI.c -o /Users/mac/Desktop/xcode/CMakeFiles/CMakeTmp/CMAKE_TRY_COMPILE.build/Debug/cmTC_879e1.build/Objects-normal/arm64/CMakeCCompilerABI.o
Apple clang version 12.0.5 (clang-1205.0.22.11)
Target: arm64-apple-macos11.3
Thread model: posix
InstalledDir: /Applications/Xcode.app/Contents/Developer/Toolchains/XcodeDefault.xctoolchain/usr/bin
clang: warning: -Wl,-v: 'linker' input unused [-Wunused-command-line-argument]
 "/Applications/Xcode.app/Contents/Developer/Toolchains/XcodeDefault.xctoolchain/usr/bin/clang" -cc1 -triple arm64-apple-macosx11.3.0 -Wdeprecated-objc-isa-usage -Werror=deprecated-objc-isa-usage -Werror=implicit-function-declaration -emit-obj -mrelax-all -disable-free -disable-llvm-verifier -discard-value-names -main-file-name CMakeCCompilerABI.c -mrelocation-model pic -pic-level 2 -mframe-pointer=non-leaf -fno-strict-return -fno-rounding-math -munwind-tables -target-sdk-version=11.3 -fvisibility-inlines-hidden-static-local-var -target-cpu apple-a12 -target-feature +v8.3a -target-feature +fp-armv8 -target-feature +neon -target-feature +crc -target-feature +crypto -target-feature +fullfp16 -target-feature +ras -target-feature +lse -target-feature +rdm -target-feature +rcpc -target-feature +zcm -target-feature +zcz -target-feature +sha2 -target-feature +aes -target-abi darwinpcs -fallow-half-arguments-and-returns -debug-info-kind=standalone -dwarf-version=4 -debugger-tuning=lldb -target-linker-version 650.9 -v -resource-dir /Applications/Xcode.app/Contents/Developer/Toolchains/XcodeDefault.xctoolchain/usr/lib/clang/12.0.5 -dependency-file /Users/mac/Desktop/xcode/CMakeFiles/CMakeTmp/CMAKE_TRY_COMPILE.build/Debug/cmTC_879e1.build/Objects-normal/arm64/CMakeCCompilerABI.d -skip-unused-modulemap-deps -MT dependencies -isysroot /Applications/Xcode.app/Contents/Developer/Platforms/MacOSX.platform/Developer/SDKs/MacOSX11.3.sdk -D "CMAKE_INTDIR=\"Debug\"" -I /Users/mac/Desktop/xcode/CMakeFiles/CMakeTmp/Debug/include -I /Users/mac/Desktop/xcode/CMakeFiles/CMakeTmp/CMAKE_TRY_COMPILE.build/Debug/cmTC_879e1.build/DerivedSources-normal/arm64 -I /Users/mac/Desktop/xcode/CMakeFiles/CMakeTmp/CMAKE_TRY_COMPILE.build/Debug/cmTC_879e1.build/DerivedSources/arm64 -I /Users/mac/Desktop/xcode/CMakeFiles/CMakeTmp/CMAKE_TRY_COMPILE.build/Debug/cmTC_879e1.build/DerivedSources -F/Users/mac/Desktop/xcode/CMakeFiles/CMakeTmp/Debug -internal-isystem /Applications/Xcode.app/Contents/Developer/Platforms/MacOSX.platform/Developer/SDKs/MacOSX11.3.sdk/usr/local/include -internal-isystem /Applications/Xcode.app/Contents/Developer/Toolchains/XcodeDefault.xctoolchain/usr/lib/clang/12.0.5/include -internal-externc-isystem /Applications/Xcode.app/Contents/Developer/Platforms/MacOSX.platform/Developer/SDKs/MacOSX11.3.sdk/usr/include -internal-externc-isystem /Applications/Xcode.app/Contents/Developer/Toolchains/XcodeDefault.xctoolchain/usr/include -O0 -Wno-trigraphs -Wno-missing-field-initializers -Wno-missing-prototypes -Wno-return-type -Wno-missing-braces -Wparentheses -Wswitch -Wno-unused-function -Wno-unused-label -Wno-unused-parameter -Wno-unused-variable -Wunused-value -Wno-empty-body -Wno-uninitialized -Wno-unknown-pragmas -Wno-shadow -Wno-four-char-constants -Wno-conversion -Wno-constant-conversion -Wno-int-conversion -Wno-bool-conversion -Wno-enum-conversion -Wno-float-conversion -Wno-non-literal-null-conversion -Wno-objc-literal-conversion -Wno-shorten-64-to-32 -Wpointer-sign -Wno-newline-eof -Wdeprecated-declarations -Wno-sign-conversion -Wno-infinite-recursion -Wno-comma -Wno-block-capture-autoreleasing -Wno-strict-prototypes -Wno-semicolon-before-method-body -Wno-reorder-init-list -Wno-implicit-int-float-conversion -Wno-c99-designator -Wno-final-dtor-non-final-class -Wno-extra-semi-stmt -Wno-misleading-indentation -Wno-quoted-include-in-framework-header -Wno-implicit-fallthrough -Wno-enum-enum-conversion -Wno-enum-float-conversion -Wno-elaborated-enum-base -fdebug-compilation-dir /Users/mac/Desktop/xcode/CMakeFiles/CMakeTmp -ferror-limit 19 -fmacro-backtrace-limit 0 -stack-protector 1 -fstack-check -mdarwin-stkchk-strong-link -fblocks -fencode-extended-block-signature -fregister-global-dtors-with-atexit -fgnuc-version=4.2.1 -fpascal-strings -fmax-type-align=16 -fcommon -fdiagnostics-show-note-include-stack -serialize-diagnostic-file /Users/mac/Desktop/xcode/CMakeFiles/CMakeTmp/CMAKE_TRY_COMPILE.build/Debug/cmTC_879e1.build/Objects-normal/arm64/CMakeCCompilerABI.dia -clang-vendor-feature=+disableNonDependentMemberExprInCurrentInstantiation -fno-odr-hash-protocols -mllvm -disable-aligned-alloc-awareness=1 -o /Users/mac/Desktop/xcode/CMakeFiles/CMakeTmp/CMAKE_TRY_COMPILE.build/Debug/cmTC_879e1.build/Objects-normal/arm64/CMakeCCompilerABI.o -x c /opt/homebrew/Cellar/cmake/3.21.2/share/cmake/Modules/CMakeCCompilerABI.c
clang -cc1 version 12.0.5 (clang-1205.0.22.11) default target arm64-apple-darwin20.6.0
ignoring nonexistent directory "/Users/mac/Desktop/xcode/CMakeFiles/CMakeTmp/Debug/include"
ignoring nonexistent directory "/Users/mac/Desktop/xcode/CMakeFiles/CMakeTmp/CMAKE_TRY_COMPILE.build/Debug/cmTC_879e1.build/DerivedSources-normal/arm64"
ignoring nonexistent directory "/Users/mac/Desktop/xcode/CMakeFiles/CMakeTmp/CMAKE_TRY_COMPILE.build/Debug/cmTC_879e1.build/DerivedSources/arm64"
ignoring nonexistent directory "/Users/mac/Desktop/xcode/CMakeFiles/CMakeTmp/CMAKE_TRY_COMPILE.build/Debug/cmTC_879e1.build/DerivedSources"
ignoring nonexistent directory "/Applications/Xcode.app/Contents/Developer/Platforms/MacOSX.platform/Developer/SDKs/MacOSX11.3.sdk/usr/local/include"
ignoring nonexistent directory "/Applications/Xcode.app/Contents/Developer/Platforms/MacOSX.platform/Developer/SDKs/MacOSX11.3.sdk/Library/Frameworks"
#include "..." search starts here:
#include <...> search starts here:
 /Users/mac/Desktop/xcode/CMakeFiles/CMakeTmp/Debug (framework directory)
 /Applications/Xcode.app/Contents/Developer/Toolchains/XcodeDefault.xctoolchain/usr/lib/clang/12.0.5/include
 /Applications/Xcode.app/Contents/Developer/Platforms/MacOSX.platform/Developer/SDKs/MacOSX11.3.sdk/usr/include
 /Applications/Xcode.app/Contents/Developer/Toolchains/XcodeDefault.xctoolchain/usr/include
 /Applications/Xcode.app/Contents/Developer/Platforms/MacOSX.platform/Developer/SDKs/MacOSX11.3.sdk/System/Library/Frameworks (framework directory)
End of search list.

WriteAuxiliaryFile /Users/mac/Desktop/xcode/CMakeFiles/CMakeTmp/CMAKE_TRY_COMPILE.build/Debug/cmTC_879e1.build/Objects-normal/arm64/cmTC_879e1.LinkFileList (in target 'cmTC_879e1' from project 'CMAKE_TRY_COMPILE')
    cd /Users/mac/Desktop/xcode/CMakeFiles/CMakeTmp
    write-file /Users/mac/Desktop/xcode/CMakeFiles/CMakeTmp/CMAKE_TRY_COMPILE.build/Debug/cmTC_879e1.build/Objects-normal/arm64/cmTC_879e1.LinkFileList

Ld /Users/mac/Desktop/xcode/CMakeFiles/CMakeTmp/Debug/cmTC_879e1 normal (in target 'cmTC_879e1' from project 'CMAKE_TRY_COMPILE')
    cd /Users/mac/Desktop/xcode/CMakeFiles/CMakeTmp
    /Applications/Xcode.app/Contents/Developer/Toolchains/XcodeDefault.xctoolchain/usr/bin/clang -target arm64-apple-macos11.3 -isysroot /Applications/Xcode.app/Contents/Developer/Platforms/MacOSX.platform/Developer/SDKs/MacOSX11.3.sdk -L/Users/mac/Desktop/xcode/CMakeFiles/CMakeTmp/Debug -F/Users/mac/Desktop/xcode/CMakeFiles/CMakeTmp/Debug -filelist /Users/mac/Desktop/xcode/CMakeFiles/CMakeTmp/CMAKE_TRY_COMPILE.build/Debug/cmTC_879e1.build/Objects-normal/arm64/cmTC_879e1.LinkFileList -Xlinker -object_path_lto -Xlinker /Users/mac/Desktop/xcode/CMakeFiles/CMakeTmp/CMAKE_TRY_COMPILE.build/Debug/cmTC_879e1.build/Objects-normal/arm64/cmTC_879e1_lto.o -Xlinker -no_deduplicate -v -Wl,-v -Wl,-search_paths_first -Wl,-headerpad_max_install_names -Xlinker -dependency_info -Xlinker /Users/mac/Desktop/xcode/CMakeFiles/CMakeTmp/CMAKE_TRY_COMPILE.build/Debug/cmTC_879e1.build/Objects-normal/arm64/cmTC_879e1_dependency_info.dat -o /Users/mac/Desktop/xcode/CMakeFiles/CMakeTmp/Debug/cmTC_879e1
Apple clang version 12.0.5 (clang-1205.0.22.11)
Target: arm64-apple-macos11.3
Thread model: posix
InstalledDir: /Applications/Xcode.app/Contents/Developer/Toolchains/XcodeDefault.xctoolchain/usr/bin
 "/Applications/Xcode.app/Contents/Developer/Toolchains/XcodeDefault.xctoolchain/usr/bin/ld" -demangle -lto_library /Applications/Xcode.app/Contents/Developer/Toolchains/XcodeDefault.xctoolchain/usr/lib/libLTO.dylib -dynamic -arch arm64 -platform_version macos 11.3.0 11.3 -syslibroot /Applications/Xcode.app/Contents/Developer/Platforms/MacOSX.platform/Developer/SDKs/MacOSX11.3.sdk -o /Users/mac/Desktop/xcode/CMakeFiles/CMakeTmp/Debug/cmTC_879e1 -L/Users/mac/Desktop/xcode/CMakeFiles/CMakeTmp/Debug -filelist /Users/mac/Desktop/xcode/CMakeFiles/CMakeTmp/CMAKE_TRY_COMPILE.build/Debug/cmTC_879e1.build/Objects-normal/arm64/cmTC_879e1.LinkFileList -object_path_lto /Users/mac/Desktop/xcode/CMakeFiles/CMakeTmp/CMAKE_TRY_COMPILE.build/Debug/cmTC_879e1.build/Objects-normal/arm64/cmTC_879e1_lto.o -no_deduplicate -v -search_paths_first -headerpad_max_install_names -dependency_info /Users/mac/Desktop/xcode/CMakeFiles/CMakeTmp/CMAKE_TRY_COMPILE.build/Debug/cmTC_879e1.build/Objects-normal/arm64/cmTC_879e1_dependency_info.dat -lSystem /Applications/Xcode.app/Contents/Developer/Toolchains/XcodeDefault.xctoolchain/usr/lib/clang/12.0.5/lib/darwin/libclang_rt.osx.a -F/Users/mac/Desktop/xcode/CMakeFiles/CMakeTmp/Debug
@(#)PROGRAM:ld  PROJECT:ld64-650.9
BUILD 13:09:13 May 28 2021
configured to support archs: armv6 armv7 armv7s arm64 arm64e arm64_32 i386 x86_64 x86_64h armv6m armv7k armv7m armv7em
Library search paths:
	/Users/mac/Desktop/xcode/CMakeFiles/CMakeTmp/Debug
	/Applications/Xcode.app/Contents/Developer/Platforms/MacOSX.platform/Developer/SDKs/MacOSX11.3.sdk/usr/lib
Framework search paths:
	/Users/mac/Desktop/xcode/CMakeFiles/CMakeTmp/Debug
	/Applications/Xcode.app/Contents/Developer/Platforms/MacOSX.platform/Developer/SDKs/MacOSX11.3.sdk/System/Library/Frameworks/

RegisterExecutionPolicyException /Users/mac/Desktop/xcode/CMakeFiles/CMakeTmp/Debug/cmTC_879e1 (in target 'cmTC_879e1' from project 'CMAKE_TRY_COMPILE')
    cd /Users/mac/Desktop/xcode/CMakeFiles/CMakeTmp
    builtin-RegisterExecutionPolicyException /Users/mac/Desktop/xcode/CMakeFiles/CMakeTmp/Debug/cmTC_879e1

** BUILD SUCCEEDED **




Parsed C implicit include dir info from above output: rv=done
  found start of include info
  found start of implicit include info
    add: [/Applications/Xcode.app/Contents/Developer/Toolchains/XcodeDefault.xctoolchain/usr/lib/clang/12.0.5/include]
    add: [/Applications/Xcode.app/Contents/Developer/Platforms/MacOSX.platform/Developer/SDKs/MacOSX11.3.sdk/usr/include]
    add: [/Applications/Xcode.app/Contents/Developer/Toolchains/XcodeDefault.xctoolchain/usr/include]
  end of search list found
  collapse include dir [/Applications/Xcode.app/Contents/Developer/Toolchains/XcodeDefault.xctoolchain/usr/lib/clang/12.0.5/include] ==> [/Applications/Xcode.app/Contents/Developer/Toolchains/XcodeDefault.xctoolchain/usr/lib/clang/12.0.5/include]
  collapse include dir [/Applications/Xcode.app/Contents/Developer/Platforms/MacOSX.platform/Developer/SDKs/MacOSX11.3.sdk/usr/include] ==> [/Applications/Xcode.app/Contents/Developer/Platforms/MacOSX.platform/Developer/SDKs/MacOSX11.3.sdk/usr/include]
  collapse include dir [/Applications/Xcode.app/Contents/Developer/Toolchains/XcodeDefault.xctoolchain/usr/include] ==> [/Applications/Xcode.app/Contents/Developer/Toolchains/XcodeDefault.xctoolchain/usr/include]
  implicit include dirs: [/Applications/Xcode.app/Contents/Developer/Toolchains/XcodeDefault.xctoolchain/usr/lib/clang/12.0.5/include;/Applications/Xcode.app/Contents/Developer/Platforms/MacOSX.platform/Developer/SDKs/MacOSX11.3.sdk/usr/include;/Applications/Xcode.app/Contents/Developer/Toolchains/XcodeDefault.xctoolchain/usr/include]


Parsed C implicit link information from above output:
  link line regex: [^( *|.*[/\])(ld|CMAKE_LINK_STARTFILE-NOTFOUND|([^/\]+-)?ld|collect2)[^/\]*( |$)]
  ignore line: [Change Dir: /Users/mac/Desktop/xcode/CMakeFiles/CMakeTmp]
  ignore line: []
  ignore line: [Run Build Command(s):/usr/bin/xcodebuild -project CMAKE_TRY_COMPILE.xcodeproj build -target cmTC_879e1 -parallelizeTargets -configuration Debug -hideShellScriptEnvironment && objc[34114]: Class AMSupportURLConnectionDelegate is implemented in both /usr/lib/libauthinstall.dylib (0x20334bad8) and /System/Library/PrivateFrameworks/MobileDevice.framework/Versions/A/MobileDevice (0x113f6c2b8). One of the two will be used. Which one is undefined.]
  ignore line: [objc[34114]: Class AMSupportURLSession is implemented in both /usr/lib/libauthinstall.dylib (0x20334bb28) and /System/Library/PrivateFrameworks/MobileDevice.framework/Versions/A/MobileDevice (0x113f6c308). One of the two will be used. Which one is undefined.]
  ignore line: [Command line invocation:]
  ignore line: [    /Applications/Xcode.app/Contents/Developer/usr/bin/xcodebuild -project CMAKE_TRY_COMPILE.xcodeproj build -target cmTC_879e1 -parallelizeTargets -configuration Debug -hideShellScriptEnvironment]
  ignore line: []
  ignore line: [User defaults from command line:]
  ignore line: [    HideShellScriptEnvironment = YES]
  ignore line: [    IDEPackageSupportUseBuiltinSCM = YES]
  ignore line: []
  ignore line: [note: Using new build system]
  ignore line: [note: Building targets in parallel]
  ignore line: [note: Planning build]
  ignore line: [note: Analyzing workspace]
  ignore line: [note: Constructing build description]
  ignore line: [note: Build preparation complete]
  ignore line: [CreateBuildDirectory /Users/mac/Desktop/xcode/CMakeFiles/CMakeTmp]
  ignore line: [    cd /Users/mac/Desktop/xcode/CMakeFiles/CMakeTmp/CMAKE_TRY_COMPILE.xcodeproj]
  ignore line: [    builtin-create-build-directory /Users/mac/Desktop/xcode/CMakeFiles/CMakeTmp]
  ignore line: []
  ignore line: [CreateBuildDirectory /Users/mac/Desktop/xcode/CMakeFiles/CMakeTmp/Debug]
  ignore line: [    cd /Users/mac/Desktop/xcode/CMakeFiles/CMakeTmp/CMAKE_TRY_COMPILE.xcodeproj]
  ignore line: [    builtin-create-build-directory /Users/mac/Desktop/xcode/CMakeFiles/CMakeTmp/Debug]
  ignore line: []
  ignore line: [CompileC /Users/mac/Desktop/xcode/CMakeFiles/CMakeTmp/CMAKE_TRY_COMPILE.build/Debug/cmTC_879e1.build/Objects-normal/arm64/CMakeCCompilerABI.o /opt/homebrew/Cellar/cmake/3.21.2/share/cmake/Modules/CMakeCCompilerABI.c normal arm64 c com.apple.compilers.llvm.clang.1_0.compiler (in target 'cmTC_879e1' from project 'CMAKE_TRY_COMPILE')]
  ignore line: [    cd /Users/mac/Desktop/xcode/CMakeFiles/CMakeTmp]
  ignore line: [    /Applications/Xcode.app/Contents/Developer/Toolchains/XcodeDefault.xctoolchain/usr/bin/clang -x c -target arm64-apple-macos11.3 -fmessage-length\=0 -fdiagnostics-show-note-include-stack -fmacro-backtrace-limit\=0 -Wno-trigraphs -fpascal-strings -O0 -Wno-missing-field-initializers -Wno-missing-prototypes -Wno-return-type -Wno-missing-braces -Wparentheses -Wswitch -Wno-unused-function -Wno-unused-label -Wno-unused-parameter -Wno-unused-variable -Wunused-value -Wno-empty-body -Wno-uninitialized -Wno-unknown-pragmas -Wno-shadow -Wno-four-char-constants -Wno-conversion -Wno-constant-conversion -Wno-int-conversion -Wno-bool-conversion -Wno-enum-conversion -Wno-float-conversion -Wno-non-literal-null-conversion -Wno-objc-literal-conversion -Wno-shorten-64-to-32 -Wpointer-sign -Wno-newline-eof -DCMAKE_INTDIR\=\"Debug\" -isysroot /Applications/Xcode.app/Contents/Developer/Platforms/MacOSX.platform/Developer/SDKs/MacOSX11.3.sdk -fstrict-aliasing -Wdeprecated-declarations -g -Wno-sign-conversion -Wno-infinite-recursion -Wno-comma -Wno-block-capture-autoreleasing -Wno-strict-prototypes -Wno-semicolon-before-method-body -I/Users/mac/Desktop/xcode/CMakeFiles/CMakeTmp/Debug/include -I/Users/mac/Desktop/xcode/CMakeFiles/CMakeTmp/CMAKE_TRY_COMPILE.build/Debug/cmTC_879e1.build/DerivedSources-normal/arm64 -I/Users/mac/Desktop/xcode/CMakeFiles/CMakeTmp/CMAKE_TRY_COMPILE.build/Debug/cmTC_879e1.build/DerivedSources/arm64 -I/Users/mac/Desktop/xcode/CMakeFiles/CMakeTmp/CMAKE_TRY_COMPILE.build/Debug/cmTC_879e1.build/DerivedSources -F/Users/mac/Desktop/xcode/CMakeFiles/CMakeTmp/Debug -v -Wl -v -MMD -MT dependencies -MF /Users/mac/Desktop/xcode/CMakeFiles/CMakeTmp/CMAKE_TRY_COMPILE.build/Debug/cmTC_879e1.build/Objects-normal/arm64/CMakeCCompilerABI.d --serialize-diagnostics /Users/mac/Desktop/xcode/CMakeFiles/CMakeTmp/CMAKE_TRY_COMPILE.build/Debug/cmTC_879e1.build/Objects-normal/arm64/CMakeCCompilerABI.dia -c /opt/homebrew/Cellar/cmake/3.21.2/share/cmake/Modules/CMakeCCompilerABI.c -o /Users/mac/Desktop/xcode/CMakeFiles/CMakeTmp/CMAKE_TRY_COMPILE.build/Debug/cmTC_879e1.build/Objects-normal/arm64/CMakeCCompilerABI.o]
  ignore line: [Apple clang version 12.0.5 (clang-1205.0.22.11)]
  ignore line: [Target: arm64-apple-macos11.3]
  ignore line: [Thread model: posix]
  ignore line: [InstalledDir: /Applications/Xcode.app/Contents/Developer/Toolchains/XcodeDefault.xctoolchain/usr/bin]
  ignore line: [clang: warning: -Wl -v: 'linker' input unused [-Wunused-command-line-argument]]
  ignore line: [ "/Applications/Xcode.app/Contents/Developer/Toolchains/XcodeDefault.xctoolchain/usr/bin/clang" -cc1 -triple arm64-apple-macosx11.3.0 -Wdeprecated-objc-isa-usage -Werror=deprecated-objc-isa-usage -Werror=implicit-function-declaration -emit-obj -mrelax-all -disable-free -disable-llvm-verifier -discard-value-names -main-file-name CMakeCCompilerABI.c -mrelocation-model pic -pic-level 2 -mframe-pointer=non-leaf -fno-strict-return -fno-rounding-math -munwind-tables -target-sdk-version=11.3 -fvisibility-inlines-hidden-static-local-var -target-cpu apple-a12 -target-feature +v8.3a -target-feature +fp-armv8 -target-feature +neon -target-feature +crc -target-feature +crypto -target-feature +fullfp16 -target-feature +ras -target-feature +lse -target-feature +rdm -target-feature +rcpc -target-feature +zcm -target-feature +zcz -target-feature +sha2 -target-feature +aes -target-abi darwinpcs -fallow-half-arguments-and-returns -debug-info-kind=standalone -dwarf-version=4 -debugger-tuning=lldb -target-linker-version 650.9 -v -resource-dir /Applications/Xcode.app/Contents/Developer/Toolchains/XcodeDefault.xctoolchain/usr/lib/clang/12.0.5 -dependency-file /Users/mac/Desktop/xcode/CMakeFiles/CMakeTmp/CMAKE_TRY_COMPILE.build/Debug/cmTC_879e1.build/Objects-normal/arm64/CMakeCCompilerABI.d -skip-unused-modulemap-deps -MT dependencies -isysroot /Applications/Xcode.app/Contents/Developer/Platforms/MacOSX.platform/Developer/SDKs/MacOSX11.3.sdk -D "CMAKE_INTDIR=\"Debug\"" -I /Users/mac/Desktop/xcode/CMakeFiles/CMakeTmp/Debug/include -I /Users/mac/Desktop/xcode/CMakeFiles/CMakeTmp/CMAKE_TRY_COMPILE.build/Debug/cmTC_879e1.build/DerivedSources-normal/arm64 -I /Users/mac/Desktop/xcode/CMakeFiles/CMakeTmp/CMAKE_TRY_COMPILE.build/Debug/cmTC_879e1.build/DerivedSources/arm64 -I /Users/mac/Desktop/xcode/CMakeFiles/CMakeTmp/CMAKE_TRY_COMPILE.build/Debug/cmTC_879e1.build/DerivedSources -F/Users/mac/Desktop/xcode/CMakeFiles/CMakeTmp/Debug -internal-isystem /Applications/Xcode.app/Contents/Developer/Platforms/MacOSX.platform/Developer/SDKs/MacOSX11.3.sdk/usr/local/include -internal-isystem /Applications/Xcode.app/Contents/Developer/Toolchains/XcodeDefault.xctoolchain/usr/lib/clang/12.0.5/include -internal-externc-isystem /Applications/Xcode.app/Contents/Developer/Platforms/MacOSX.platform/Developer/SDKs/MacOSX11.3.sdk/usr/include -internal-externc-isystem /Applications/Xcode.app/Contents/Developer/Toolchains/XcodeDefault.xctoolchain/usr/include -O0 -Wno-trigraphs -Wno-missing-field-initializers -Wno-missing-prototypes -Wno-return-type -Wno-missing-braces -Wparentheses -Wswitch -Wno-unused-function -Wno-unused-label -Wno-unused-parameter -Wno-unused-variable -Wunused-value -Wno-empty-body -Wno-uninitialized -Wno-unknown-pragmas -Wno-shadow -Wno-four-char-constants -Wno-conversion -Wno-constant-conversion -Wno-int-conversion -Wno-bool-conversion -Wno-enum-conversion -Wno-float-conversion -Wno-non-literal-null-conversion -Wno-objc-literal-conversion -Wno-shorten-64-to-32 -Wpointer-sign -Wno-newline-eof -Wdeprecated-declarations -Wno-sign-conversion -Wno-infinite-recursion -Wno-comma -Wno-block-capture-autoreleasing -Wno-strict-prototypes -Wno-semicolon-before-method-body -Wno-reorder-init-list -Wno-implicit-int-float-conversion -Wno-c99-designator -Wno-final-dtor-non-final-class -Wno-extra-semi-stmt -Wno-misleading-indentation -Wno-quoted-include-in-framework-header -Wno-implicit-fallthrough -Wno-enum-enum-conversion -Wno-enum-float-conversion -Wno-elaborated-enum-base -fdebug-compilation-dir /Users/mac/Desktop/xcode/CMakeFiles/CMakeTmp -ferror-limit 19 -fmacro-backtrace-limit 0 -stack-protector 1 -fstack-check -mdarwin-stkchk-strong-link -fblocks -fencode-extended-block-signature -fregister-global-dtors-with-atexit -fgnuc-version=4.2.1 -fpascal-strings -fmax-type-align=16 -fcommon -fdiagnostics-show-note-include-stack -serialize-diagnostic-file /Users/mac/Desktop/xcode/CMakeFiles/CMakeTmp/CMAKE_TRY_COMPILE.build/Debug/cmTC_879e1.build/Objects-normal/arm64/CMakeCCompilerABI.dia -clang-vendor-feature=+disableNonDependentMemberExprInCurrentInstantiation -fno-odr-hash-protocols -mllvm -disable-aligned-alloc-awareness=1 -o /Users/mac/Desktop/xcode/CMakeFiles/CMakeTmp/CMAKE_TRY_COMPILE.build/Debug/cmTC_879e1.build/Objects-normal/arm64/CMakeCCompilerABI.o -x c /opt/homebrew/Cellar/cmake/3.21.2/share/cmake/Modules/CMakeCCompilerABI.c]
  ignore line: [clang -cc1 version 12.0.5 (clang-1205.0.22.11) default target arm64-apple-darwin20.6.0]
  ignore line: [ignoring nonexistent directory "/Users/mac/Desktop/xcode/CMakeFiles/CMakeTmp/Debug/include"]
  ignore line: [ignoring nonexistent directory "/Users/mac/Desktop/xcode/CMakeFiles/CMakeTmp/CMAKE_TRY_COMPILE.build/Debug/cmTC_879e1.build/DerivedSources-normal/arm64"]
  ignore line: [ignoring nonexistent directory "/Users/mac/Desktop/xcode/CMakeFiles/CMakeTmp/CMAKE_TRY_COMPILE.build/Debug/cmTC_879e1.build/DerivedSources/arm64"]
  ignore line: [ignoring nonexistent directory "/Users/mac/Desktop/xcode/CMakeFiles/CMakeTmp/CMAKE_TRY_COMPILE.build/Debug/cmTC_879e1.build/DerivedSources"]
  ignore line: [ignoring nonexistent directory "/Applications/Xcode.app/Contents/Developer/Platforms/MacOSX.platform/Developer/SDKs/MacOSX11.3.sdk/usr/local/include"]
  ignore line: [ignoring nonexistent directory "/Applications/Xcode.app/Contents/Developer/Platforms/MacOSX.platform/Developer/SDKs/MacOSX11.3.sdk/Library/Frameworks"]
  ignore line: [#include "..." search starts here:]
  ignore line: [#include <...> search starts here:]
  ignore line: [ /Users/mac/Desktop/xcode/CMakeFiles/CMakeTmp/Debug (framework directory)]
  ignore line: [ /Applications/Xcode.app/Contents/Developer/Toolchains/XcodeDefault.xctoolchain/usr/lib/clang/12.0.5/include]
  ignore line: [ /Applications/Xcode.app/Contents/Developer/Platforms/MacOSX.platform/Developer/SDKs/MacOSX11.3.sdk/usr/include]
  ignore line: [ /Applications/Xcode.app/Contents/Developer/Toolchains/XcodeDefault.xctoolchain/usr/include]
  ignore line: [ /Applications/Xcode.app/Contents/Developer/Platforms/MacOSX.platform/Developer/SDKs/MacOSX11.3.sdk/System/Library/Frameworks (framework directory)]
  ignore line: [End of search list.]
  ignore line: []
  ignore line: [WriteAuxiliaryFile /Users/mac/Desktop/xcode/CMakeFiles/CMakeTmp/CMAKE_TRY_COMPILE.build/Debug/cmTC_879e1.build/Objects-normal/arm64/cmTC_879e1.LinkFileList (in target 'cmTC_879e1' from project 'CMAKE_TRY_COMPILE')]
  ignore line: [    cd /Users/mac/Desktop/xcode/CMakeFiles/CMakeTmp]
  ignore line: [    write-file /Users/mac/Desktop/xcode/CMakeFiles/CMakeTmp/CMAKE_TRY_COMPILE.build/Debug/cmTC_879e1.build/Objects-normal/arm64/cmTC_879e1.LinkFileList]
  ignore line: []
  ignore line: [Ld /Users/mac/Desktop/xcode/CMakeFiles/CMakeTmp/Debug/cmTC_879e1 normal (in target 'cmTC_879e1' from project 'CMAKE_TRY_COMPILE')]
  ignore line: [    cd /Users/mac/Desktop/xcode/CMakeFiles/CMakeTmp]
  ignore line: [    /Applications/Xcode.app/Contents/Developer/Toolchains/XcodeDefault.xctoolchain/usr/bin/clang -target arm64-apple-macos11.3 -isysroot /Applications/Xcode.app/Contents/Developer/Platforms/MacOSX.platform/Developer/SDKs/MacOSX11.3.sdk -L/Users/mac/Desktop/xcode/CMakeFiles/CMakeTmp/Debug -F/Users/mac/Desktop/xcode/CMakeFiles/CMakeTmp/Debug -filelist /Users/mac/Desktop/xcode/CMakeFiles/CMakeTmp/CMAKE_TRY_COMPILE.build/Debug/cmTC_879e1.build/Objects-normal/arm64/cmTC_879e1.LinkFileList -Xlinker -object_path_lto -Xlinker /Users/mac/Desktop/xcode/CMakeFiles/CMakeTmp/CMAKE_TRY_COMPILE.build/Debug/cmTC_879e1.build/Objects-normal/arm64/cmTC_879e1_lto.o -Xlinker -no_deduplicate -v -Wl -v -Wl -search_paths_first -Wl -headerpad_max_install_names -Xlinker -dependency_info -Xlinker /Users/mac/Desktop/xcode/CMakeFiles/CMakeTmp/CMAKE_TRY_COMPILE.build/Debug/cmTC_879e1.build/Objects-normal/arm64/cmTC_879e1_dependency_info.dat -o /Users/mac/Desktop/xcode/CMakeFiles/CMakeTmp/Debug/cmTC_879e1]
  ignore line: [Apple clang version 12.0.5 (clang-1205.0.22.11)]
  ignore line: [Target: arm64-apple-macos11.3]
  ignore line: [Thread model: posix]
  ignore line: [InstalledDir: /Applications/Xcode.app/Contents/Developer/Toolchains/XcodeDefault.xctoolchain/usr/bin]
  reduced line: [ "/Applications/Xcode.app/Contents/Developer/Toolchains/XcodeDefault.xctoolchain/usr/bin/ld" -demangle -lto_library /Applications/Xcode.app/Contents/Developer/Toolchains/XcodeDefault.xctoolchain/usr/lib/libLTO.dylib -dynamic -arch arm64 -platform_version macos 11.3.0 11.3 -syslibroot /Applications/Xcode.app/Contents/Developer/Platforms/MacOSX.platform/Developer/SDKs/MacOSX11.3.sdk -o /Users/mac/Desktop/xcode/CMakeFiles/CMakeTmp/Debug/cmTC_879e1 -L/Users/mac/Desktop/xcode/CMakeFiles/CMakeTmp/Debug -filelist /Users/mac/Desktop/xcode/CMakeFiles/CMakeTmp/CMAKE_TRY_COMPILE.build/Debug/cmTC_879e1.build/Objects-normal/arm64/cmTC_879e1.LinkFileList -object_path_lto /Users/mac/Desktop/xcode/CMakeFiles/CMakeTmp/CMAKE_TRY_COMPILE.build/Debug/cmTC_879e1.build/Objects-normal/arm64/cmTC_879e1_lto.o -no_deduplicate -v -search_paths_first -headerpad_max_install_names -dependency_info /Users/mac/Desktop/xcode/CMakeFiles/CMakeTmp/CMAKE_TRY_COMPILE.build/Debug/cmTC_879e1.build/Objects-normal/arm64/cmTC_879e1_dependency_info.dat -lSystem /Applications/Xcode.app/Contents/Developer/Toolchains/XcodeDefault.xctoolchain/usr/lib/clang/12.0.5/lib/darwin/libclang_rt.osx.a -F/Users/mac/Desktop/xcode/CMakeFiles/CMakeTmp/Debug]
            to: [ "/Applications/Xcode.app/Contents/Developer/Toolchains/XcodeDefault.xctoolchain/usr/bin/ld" -demangle -lto_library /Applications/Xcode.app/Contents/Developer/Toolchains/XcodeDefault.xctoolchain/usr/lib/libLTO.dylib -dynamic -arch arm64 -platform_version macos 11.3.0 11.3 -syslibroot /Applications/Xcode.app/Contents/Developer/Platforms/MacOSX.platform/Developer/SDKs/MacOSX11.3.sdk -o /Users/mac/Desktop/xcode/CMakeFiles/CMakeTmp/Debug/cmTC_879e1 -filelist /Users/mac/Desktop/xcode/CMakeFiles/CMakeTmp/CMAKE_TRY_COMPILE.build/Debug/cmTC_879e1.build/Objects-normal/arm64/cmTC_879e1.LinkFileList -object_path_lto /Users/mac/Desktop/xcode/CMakeFiles/CMakeTmp/CMAKE_TRY_COMPILE.build/Debug/cmTC_879e1.build/Objects-normal/arm64/cmTC_879e1_lto.o -no_deduplicate -v -search_paths_first -headerpad_max_install_names -dependency_info /Users/mac/Desktop/xcode/CMakeFiles/CMakeTmp/CMAKE_TRY_COMPILE.build/Debug/cmTC_879e1.build/Objects-normal/arm64/cmTC_879e1_dependency_info.dat -lSystem /Applications/Xcode.app/Contents/Developer/Toolchains/XcodeDefault.xctoolchain/usr/lib/clang/12.0.5/lib/darwin/libclang_rt.osx.a ]
  link line: [ "/Applications/Xcode.app/Contents/Developer/Toolchains/XcodeDefault.xctoolchain/usr/bin/ld" -demangle -lto_library /Applications/Xcode.app/Contents/Developer/Toolchains/XcodeDefault.xctoolchain/usr/lib/libLTO.dylib -dynamic -arch arm64 -platform_version macos 11.3.0 11.3 -syslibroot /Applications/Xcode.app/Contents/Developer/Platforms/MacOSX.platform/Developer/SDKs/MacOSX11.3.sdk -o /Users/mac/Desktop/xcode/CMakeFiles/CMakeTmp/Debug/cmTC_879e1 -filelist /Users/mac/Desktop/xcode/CMakeFiles/CMakeTmp/CMAKE_TRY_COMPILE.build/Debug/cmTC_879e1.build/Objects-normal/arm64/cmTC_879e1.LinkFileList -object_path_lto /Users/mac/Desktop/xcode/CMakeFiles/CMakeTmp/CMAKE_TRY_COMPILE.build/Debug/cmTC_879e1.build/Objects-normal/arm64/cmTC_879e1_lto.o -no_deduplicate -v -search_paths_first -headerpad_max_install_names -dependency_info /Users/mac/Desktop/xcode/CMakeFiles/CMakeTmp/CMAKE_TRY_COMPILE.build/Debug/cmTC_879e1.build/Objects-normal/arm64/cmTC_879e1_dependency_info.dat -lSystem /Applications/Xcode.app/Contents/Developer/Toolchains/XcodeDefault.xctoolchain/usr/lib/clang/12.0.5/lib/darwin/libclang_rt.osx.a ]
    arg [/Applications/Xcode.app/Contents/Developer/Toolchains/XcodeDefault.xctoolchain/usr/bin/ld] ==> ignore
    arg [-demangle] ==> ignore
    arg [-lto_library] ==> ignore, skip following value
    arg [/Applications/Xcode.app/Contents/Developer/Toolchains/XcodeDefault.xctoolchain/usr/lib/libLTO.dylib] ==> skip value of -lto_library
    arg [-dynamic] ==> ignore
    arg [-arch] ==> ignore
    arg [arm64] ==> ignore
    arg [-platform_version] ==> ignore
    arg [macos] ==> ignore
    arg [11.3.0] ==> ignore
    arg [11.3] ==> ignore
    arg [-syslibroot] ==> ignore
    arg [/Applications/Xcode.app/Contents/Developer/Platforms/MacOSX.platform/Developer/SDKs/MacOSX11.3.sdk] ==> ignore
    arg [-o] ==> ignore
    arg [/Users/mac/Desktop/xcode/CMakeFiles/CMakeTmp/Debug/cmTC_879e1] ==> ignore
    arg [-filelist] ==> ignore
    arg [/Users/mac/Desktop/xcode/CMakeFiles/CMakeTmp/CMAKE_TRY_COMPILE.build/Debug/cmTC_879e1.build/Objects-normal/arm64/cmTC_879e1.LinkFileList] ==> ignore
    arg [-object_path_lto] ==> ignore
    arg [/Users/mac/Desktop/xcode/CMakeFiles/CMakeTmp/CMAKE_TRY_COMPILE.build/Debug/cmTC_879e1.build/Objects-normal/arm64/cmTC_879e1_lto.o] ==> obj [/Users/mac/Desktop/xcode/CMakeFiles/CMakeTmp/CMAKE_TRY_COMPILE.build/Debug/cmTC_879e1.build/Objects-normal/arm64/cmTC_879e1_lto.o]
    arg [-no_deduplicate] ==> ignore
    arg [-v] ==> ignore
    arg [-search_paths_first] ==> ignore
    arg [-headerpad_max_install_names] ==> ignore
    arg [-dependency_info] ==> ignore
    arg [/Users/mac/Desktop/xcode/CMakeFiles/CMakeTmp/CMAKE_TRY_COMPILE.build/Debug/cmTC_879e1.build/Objects-normal/arm64/cmTC_879e1_dependency_info.dat] ==> ignore
    arg [-lSystem] ==> lib [System]
    arg [/Applications/Xcode.app/Contents/Developer/Toolchains/XcodeDefault.xctoolchain/usr/lib/clang/12.0.5/lib/darwin/libclang_rt.osx.a] ==> lib [/Applications/Xcode.app/Contents/Developer/Toolchains/XcodeDefault.xctoolchain/usr/lib/clang/12.0.5/lib/darwin/libclang_rt.osx.a]
  Library search paths: [;/Users/mac/Desktop/xcode/CMakeFiles/CMakeTmp/Debug;/Applications/Xcode.app/Contents/Developer/Platforms/MacOSX.platform/Developer/SDKs/MacOSX11.3.sdk/usr/lib]
  Framework search paths: [;/Users/mac/Desktop/xcode/CMakeFiles/CMakeTmp/Debug;/Applications/Xcode.app/Contents/Developer/Platforms/MacOSX.platform/Developer/SDKs/MacOSX11.3.sdk/System/Library/Frameworks/]
  remove lib [System]
  remove lib [/Applications/Xcode.app/Contents/Developer/Toolchains/XcodeDefault.xctoolchain/usr/lib/clang/12.0.5/lib/darwin/libclang_rt.osx.a]
  collapse library dir [/Users/mac/Desktop/xcode/CMakeFiles/CMakeTmp/Debug] ==> [/Users/mac/Desktop/xcode/CMakeFiles/CMakeTmp/Debug], skipping non-system directory
  collapse library dir [/Applications/Xcode.app/Contents/Developer/Platforms/MacOSX.platform/Developer/SDKs/MacOSX11.3.sdk/usr/lib] ==> [/Applications/Xcode.app/Contents/Developer/Platforms/MacOSX.platform/Developer/SDKs/MacOSX11.3.sdk/usr/lib]
  collapse framework dir [/Users/mac/Desktop/xcode/CMakeFiles/CMakeTmp/Debug] ==> [/Users/mac/Desktop/xcode/CMakeFiles/CMakeTmp/Debug], skipping non-system directory
  collapse framework dir [/Applications/Xcode.app/Contents/Developer/Platforms/MacOSX.platform/Developer/SDKs/MacOSX11.3.sdk/System/Library/Frameworks/] ==> [/Applications/Xcode.app/Contents/Developer/Platforms/MacOSX.platform/Developer/SDKs/MacOSX11.3.sdk/System/Library/Frameworks]
  implicit libs: []
  implicit objs: [/Users/mac/Desktop/xcode/CMakeFiles/CMakeTmp/CMAKE_TRY_COMPILE.build/Debug/cmTC_879e1.build/Objects-normal/arm64/cmTC_879e1_lto.o]
  implicit dirs: [/Applications/Xcode.app/Contents/Developer/Platforms/MacOSX.platform/Developer/SDKs/MacOSX11.3.sdk/usr/lib]
  implicit fwks: [/Applications/Xcode.app/Contents/Developer/Platforms/MacOSX.platform/Developer/SDKs/MacOSX11.3.sdk/System/Library/Frameworks]


Detecting CXX compiler ABI info compiled with the following output:
Change Dir: /Users/mac/Desktop/xcode/CMakeFiles/CMakeTmp

Run Build Command(s):/usr/bin/xcodebuild -project CMAKE_TRY_COMPILE.xcodeproj build -target cmTC_b0f2d -parallelizeTargets -configuration Debug -hideShellScriptEnvironment && objc[34128]: Class AMSupportURLConnectionDelegate is implemented in both /usr/lib/libauthinstall.dylib (0x20334bad8) and /System/Library/PrivateFrameworks/MobileDevice.framework/Versions/A/MobileDevice (0x1143b82b8). One of the two will be used. Which one is undefined.
objc[34128]: Class AMSupportURLSession is implemented in both /usr/lib/libauthinstall.dylib (0x20334bb28) and /System/Library/PrivateFrameworks/MobileDevice.framework/Versions/A/MobileDevice (0x1143b8308). One of the two will be used. Which one is undefined.
Command line invocation:
    /Applications/Xcode.app/Contents/Developer/usr/bin/xcodebuild -project CMAKE_TRY_COMPILE.xcodeproj build -target cmTC_b0f2d -parallelizeTargets -configuration Debug -hideShellScriptEnvironment

User defaults from command line:
    HideShellScriptEnvironment = YES
    IDEPackageSupportUseBuiltinSCM = YES

note: Using new build system
note: Building targets in parallel
note: Planning build
note: Analyzing workspace
note: Constructing build description
note: Build preparation complete
CreateBuildDirectory /Users/mac/Desktop/xcode/CMakeFiles/CMakeTmp
    cd /Users/mac/Desktop/xcode/CMakeFiles/CMakeTmp/CMAKE_TRY_COMPILE.xcodeproj
    builtin-create-build-directory /Users/mac/Desktop/xcode/CMakeFiles/CMakeTmp

CreateBuildDirectory /Users/mac/Desktop/xcode/CMakeFiles/CMakeTmp/Debug
    cd /Users/mac/Desktop/xcode/CMakeFiles/CMakeTmp/CMAKE_TRY_COMPILE.xcodeproj
    builtin-create-build-directory /Users/mac/Desktop/xcode/CMakeFiles/CMakeTmp/Debug

CompileC /Users/mac/Desktop/xcode/CMakeFiles/CMakeTmp/CMAKE_TRY_COMPILE.build/Debug/cmTC_b0f2d.build/Objects-normal/arm64/CMakeCXXCompilerABI.o /opt/homebrew/Cellar/cmake/3.21.2/share/cmake/Modules/CMakeCXXCompilerABI.cpp normal arm64 c++ com.apple.compilers.llvm.clang.1_0.compiler (in target 'cmTC_b0f2d' from project 'CMAKE_TRY_COMPILE')
    cd /Users/mac/Desktop/xcode/CMakeFiles/CMakeTmp
    /Applications/Xcode.app/Contents/Developer/Toolchains/XcodeDefault.xctoolchain/usr/bin/clang -x c++ -target arm64-apple-macos11.3 -fmessage-length\=0 -fdiagnostics-show-note-include-stack -fmacro-backtrace-limit\=0 -Wno-trigraphs -fpascal-strings -O0 -Wno-missing-field-initializers -Wno-missing-prototypes -Wno-return-type -Wno-non-virtual-dtor -Wno-overloaded-virtual -Wno-exit-time-destructors -Wno-missing-braces -Wparentheses -Wswitch -Wno-unused-function -Wno-unused-label -Wno-unused-parameter -Wno-unused-variable -Wunused-value -Wno-empty-body -Wno-uninitialized -Wno-unknown-pragmas -Wno-shadow -Wno-four-char-constants -Wno-conversion -Wno-constant-conversion -Wno-int-conversion -Wno-bool-conversion -Wno-enum-conversion -Wno-float-conversion -Wno-non-literal-null-conversion -Wno-objc-literal-conversion -Wno-shorten-64-to-32 -Wno-newline-eof -Wno-c++11-extensions -DCMAKE_INTDIR\=\"Debug\" -isysroot /Applications/Xcode.app/Contents/Developer/Platforms/MacOSX.platform/Developer/SDKs/MacOSX11.3.sdk -fstrict-aliasing -Wdeprecated-declarations -Winvalid-offsetof -g -Wno-sign-conversion -Wno-infinite-recursion -Wno-move -Wno-comma -Wno-block-capture-autoreleasing -Wno-strict-prototypes -Wno-range-loop-analysis -Wno-semicolon-before-method-body -I/Users/mac/Desktop/xcode/CMakeFiles/CMakeTmp/Debug/include -I/Users/mac/Desktop/xcode/CMakeFiles/CMakeTmp/CMAKE_TRY_COMPILE.build/Debug/cmTC_b0f2d.build/DerivedSources-normal/arm64 -I/Users/mac/Desktop/xcode/CMakeFiles/CMakeTmp/CMAKE_TRY_COMPILE.build/Debug/cmTC_b0f2d.build/DerivedSources/arm64 -I/Users/mac/Desktop/xcode/CMakeFiles/CMakeTmp/CMAKE_TRY_COMPILE.build/Debug/cmTC_b0f2d.build/DerivedSources -F/Users/mac/Desktop/xcode/CMakeFiles/CMakeTmp/Debug -v -Wl,-v -MMD -MT dependencies -MF /Users/mac/Desktop/xcode/CMakeFiles/CMakeTmp/CMAKE_TRY_COMPILE.build/Debug/cmTC_b0f2d.build/Objects-normal/arm64/CMakeCXXCompilerABI.d --serialize-diagnostics /Users/mac/Desktop/xcode/CMakeFiles/CMakeTmp/CMAKE_TRY_COMPILE.build/Debug/cmTC_b0f2d.build/Objects-normal/arm64/CMakeCXXCompilerABI.dia -c /opt/homebrew/Cellar/cmake/3.21.2/share/cmake/Modules/CMakeCXXCompilerABI.cpp -o /Users/mac/Desktop/xcode/CMakeFiles/CMakeTmp/CMAKE_TRY_COMPILE.build/Debug/cmTC_b0f2d.build/Objects-normal/arm64/CMakeCXXCompilerABI.o
Apple clang version 12.0.5 (clang-1205.0.22.11)
Target: arm64-apple-macos11.3
Thread model: posix
InstalledDir: /Applications/Xcode.app/Contents/Developer/Toolchains/XcodeDefault.xctoolchain/usr/bin
clang: warning: -Wl,-v: 'linker' input unused [-Wunused-command-line-argument]
 "/Applications/Xcode.app/Contents/Developer/Toolchains/XcodeDefault.xctoolchain/usr/bin/clang" -cc1 -triple arm64-apple-macosx11.3.0 -Wdeprecated-objc-isa-usage -Werror=deprecated-objc-isa-usage -Werror=implicit-function-declaration -emit-obj -mrelax-all -disable-free -disable-llvm-verifier -discard-value-names -main-file-name CMakeCXXCompilerABI.cpp -mrelocation-model pic -pic-level 2 -mframe-pointer=non-leaf -fno-strict-return -fno-rounding-math -munwind-tables -target-sdk-version=11.3 -fvisibility-inlines-hidden-static-local-var -target-cpu apple-a12 -target-feature +v8.3a -target-feature +fp-armv8 -target-feature +neon -target-feature +crc -target-feature +crypto -target-feature +fullfp16 -target-feature +ras -target-feature +lse -target-feature +rdm -target-feature +rcpc -target-feature +zcm -target-feature +zcz -target-feature +sha2 -target-feature +aes -target-abi darwinpcs -fallow-half-arguments-and-returns -debug-info-kind=standalone -dwarf-version=4 -debugger-tuning=lldb -target-linker-version 650.9 -v -resource-dir /Applications/Xcode.app/Contents/Developer/Toolchains/XcodeDefault.xctoolchain/usr/lib/clang/12.0.5 -dependency-file /Users/mac/Desktop/xcode/CMakeFiles/CMakeTmp/CMAKE_TRY_COMPILE.build/Debug/cmTC_b0f2d.build/Objects-normal/arm64/CMakeCXXCompilerABI.d -skip-unused-modulemap-deps -MT dependencies -isysroot /Applications/Xcode.app/Contents/Developer/Platforms/MacOSX.platform/Developer/SDKs/MacOSX11.3.sdk -D "CMAKE_INTDIR=\"Debug\"" -I /Users/mac/Desktop/xcode/CMakeFiles/CMakeTmp/Debug/include -I /Users/mac/Desktop/xcode/CMakeFiles/CMakeTmp/CMAKE_TRY_COMPILE.build/Debug/cmTC_b0f2d.build/DerivedSources-normal/arm64 -I /Users/mac/Desktop/xcode/CMakeFiles/CMakeTmp/CMAKE_TRY_COMPILE.build/Debug/cmTC_b0f2d.build/DerivedSources/arm64 -I /Users/mac/Desktop/xcode/CMakeFiles/CMakeTmp/CMAKE_TRY_COMPILE.build/Debug/cmTC_b0f2d.build/DerivedSources -F/Users/mac/Desktop/xcode/CMakeFiles/CMakeTmp/Debug -stdlib=libc++ -internal-isystem /Applications/Xcode.app/Contents/Developer/Platforms/MacOSX.platform/Developer/SDKs/MacOSX11.3.sdk/usr/include/c++/v1 -internal-isystem /Applications/Xcode.app/Contents/Developer/Platforms/MacOSX.platform/Developer/SDKs/MacOSX11.3.sdk/usr/local/include -internal-isystem /Applications/Xcode.app/Contents/Developer/Toolchains/XcodeDefault.xctoolchain/usr/lib/clang/12.0.5/include -internal-externc-isystem /Applications/Xcode.app/Contents/Developer/Platforms/MacOSX.platform/Developer/SDKs/MacOSX11.3.sdk/usr/include -internal-externc-isystem /Applications/Xcode.app/Contents/Developer/Toolchains/XcodeDefault.xctoolchain/usr/include -O0 -Wno-trigraphs -Wno-missing-field-initializers -Wno-missing-prototypes -Wno-return-type -Wno-non-virtual-dtor -Wno-overloaded-virtual -Wno-exit-time-destructors -Wno-missing-braces -Wparentheses -Wswitch -Wno-unused-function -Wno-unused-label -Wno-unused-parameter -Wno-unused-variable -Wunused-value -Wno-empty-body -Wno-uninitialized -Wno-unknown-pragmas -Wno-shadow -Wno-four-char-constants -Wno-conversion -Wno-constant-conversion -Wno-int-conversion -Wno-bool-conversion -Wno-enum-conversion -Wno-float-conversion -Wno-non-literal-null-conversion -Wno-objc-literal-conversion -Wno-shorten-64-to-32 -Wno-newline-eof -Wno-c++11-extensions -Wdeprecated-declarations -Winvalid-offsetof -Wno-sign-conversion -Wno-infinite-recursion -Wno-move -Wno-comma -Wno-block-capture-autoreleasing -Wno-strict-prototypes -Wno-range-loop-analysis -Wno-semicolon-before-method-body -Wno-reorder-init-list -Wno-implicit-int-float-conversion -Wno-c99-designator -Wno-final-dtor-non-final-class -Wno-extra-semi-stmt -Wno-misleading-indentation -Wno-quoted-include-in-framework-header -Wno-implicit-fallthrough -Wno-enum-enum-conversion -Wno-enum-float-conversion -Wno-elaborated-enum-base -fdeprecated-macro -fdebug-compilation-dir /Users/mac/Desktop/xcode/CMakeFiles/CMakeTmp -ferror-limit 19 -fmacro-backtrace-limit 0 -stack-protector 1 -fstack-check -mdarwin-stkchk-strong-link -fblocks -fencode-extended-block-signature -fregister-global-dtors-with-atexit -fgnuc-version=4.2.1 -fcxx-exceptions -fexceptions -fpascal-strings -fmax-type-align=16 -fcommon -fdiagnostics-show-note-include-stack -serialize-diagnostic-file /Users/mac/Desktop/xcode/CMakeFiles/CMakeTmp/CMAKE_TRY_COMPILE.build/Debug/cmTC_b0f2d.build/Objects-normal/arm64/CMakeCXXCompilerABI.dia -clang-vendor-feature=+disableNonDependentMemberExprInCurrentInstantiation -fno-odr-hash-protocols -mllvm -disable-aligned-alloc-awareness=1 -o /Users/mac/Desktop/xcode/CMakeFiles/CMakeTmp/CMAKE_TRY_COMPILE.build/Debug/cmTC_b0f2d.build/Objects-normal/arm64/CMakeCXXCompilerABI.o -x c++ /opt/homebrew/Cellar/cmake/3.21.2/share/cmake/Modules/CMakeCXXCompilerABI.cpp
clang -cc1 version 12.0.5 (clang-1205.0.22.11) default target arm64-apple-darwin20.6.0
ignoring nonexistent directory "/Users/mac/Desktop/xcode/CMakeFiles/CMakeTmp/Debug/include"
ignoring nonexistent directory "/Users/mac/Desktop/xcode/CMakeFiles/CMakeTmp/CMAKE_TRY_COMPILE.build/Debug/cmTC_b0f2d.build/DerivedSources-normal/arm64"
ignoring nonexistent directory "/Users/mac/Desktop/xcode/CMakeFiles/CMakeTmp/CMAKE_TRY_COMPILE.build/Debug/cmTC_b0f2d.build/DerivedSources/arm64"
ignoring nonexistent directory "/Users/mac/Desktop/xcode/CMakeFiles/CMakeTmp/CMAKE_TRY_COMPILE.build/Debug/cmTC_b0f2d.build/DerivedSources"
ignoring nonexistent directory "/Applications/Xcode.app/Contents/Developer/Platforms/MacOSX.platform/Developer/SDKs/MacOSX11.3.sdk/usr/local/include"
ignoring nonexistent directory "/Applications/Xcode.app/Contents/Developer/Platforms/MacOSX.platform/Developer/SDKs/MacOSX11.3.sdk/Library/Frameworks"
#include "..." search starts here:
#include <...> search starts here:
 /Users/mac/Desktop/xcode/CMakeFiles/CMakeTmp/Debug (framework directory)
 /Applications/Xcode.app/Contents/Developer/Platforms/MacOSX.platform/Developer/SDKs/MacOSX11.3.sdk/usr/include/c++/v1
 /Applications/Xcode.app/Contents/Developer/Toolchains/XcodeDefault.xctoolchain/usr/lib/clang/12.0.5/include
 /Applications/Xcode.app/Contents/Developer/Platforms/MacOSX.platform/Developer/SDKs/MacOSX11.3.sdk/usr/include
 /Applications/Xcode.app/Contents/Developer/Toolchains/XcodeDefault.xctoolchain/usr/include
 /Applications/Xcode.app/Contents/Developer/Platforms/MacOSX.platform/Developer/SDKs/MacOSX11.3.sdk/System/Library/Frameworks (framework directory)
End of search list.

WriteAuxiliaryFile /Users/mac/Desktop/xcode/CMakeFiles/CMakeTmp/CMAKE_TRY_COMPILE.build/Debug/cmTC_b0f2d.build/Objects-normal/arm64/cmTC_b0f2d.LinkFileList (in target 'cmTC_b0f2d' from project 'CMAKE_TRY_COMPILE')
    cd /Users/mac/Desktop/xcode/CMakeFiles/CMakeTmp
    write-file /Users/mac/Desktop/xcode/CMakeFiles/CMakeTmp/CMAKE_TRY_COMPILE.build/Debug/cmTC_b0f2d.build/Objects-normal/arm64/cmTC_b0f2d.LinkFileList

Ld /Users/mac/Desktop/xcode/CMakeFiles/CMakeTmp/Debug/cmTC_b0f2d normal (in target 'cmTC_b0f2d' from project 'CMAKE_TRY_COMPILE')
    cd /Users/mac/Desktop/xcode/CMakeFiles/CMakeTmp
    /Applications/Xcode.app/Contents/Developer/Toolchains/XcodeDefault.xctoolchain/usr/bin/clang++ -target arm64-apple-macos11.3 -isysroot /Applications/Xcode.app/Contents/Developer/Platforms/MacOSX.platform/Developer/SDKs/MacOSX11.3.sdk -L/Users/mac/Desktop/xcode/CMakeFiles/CMakeTmp/Debug -F/Users/mac/Desktop/xcode/CMakeFiles/CMakeTmp/Debug -filelist /Users/mac/Desktop/xcode/CMakeFiles/CMakeTmp/CMAKE_TRY_COMPILE.build/Debug/cmTC_b0f2d.build/Objects-normal/arm64/cmTC_b0f2d.LinkFileList -Xlinker -object_path_lto -Xlinker /Users/mac/Desktop/xcode/CMakeFiles/CMakeTmp/CMAKE_TRY_COMPILE.build/Debug/cmTC_b0f2d.build/Objects-normal/arm64/cmTC_b0f2d_lto.o -Xlinker -no_deduplicate -v -Wl,-v -Wl,-search_paths_first -Wl,-headerpad_max_install_names -Xlinker -dependency_info -Xlinker /Users/mac/Desktop/xcode/CMakeFiles/CMakeTmp/CMAKE_TRY_COMPILE.build/Debug/cmTC_b0f2d.build/Objects-normal/arm64/cmTC_b0f2d_dependency_info.dat -o /Users/mac/Desktop/xcode/CMakeFiles/CMakeTmp/Debug/cmTC_b0f2d
Apple clang version 12.0.5 (clang-1205.0.22.11)
Target: arm64-apple-macos11.3
Thread model: posix
InstalledDir: /Applications/Xcode.app/Contents/Developer/Toolchains/XcodeDefault.xctoolchain/usr/bin
 "/Applications/Xcode.app/Contents/Developer/Toolchains/XcodeDefault.xctoolchain/usr/bin/ld" -demangle -lto_library /Applications/Xcode.app/Contents/Developer/Toolchains/XcodeDefault.xctoolchain/usr/lib/libLTO.dylib -dynamic -arch arm64 -platform_version macos 11.3.0 11.3 -syslibroot /Applications/Xcode.app/Contents/Developer/Platforms/MacOSX.platform/Developer/SDKs/MacOSX11.3.sdk -o /Users/mac/Desktop/xcode/CMakeFiles/CMakeTmp/Debug/cmTC_b0f2d -L/Users/mac/Desktop/xcode/CMakeFiles/CMakeTmp/Debug -filelist /Users/mac/Desktop/xcode/CMakeFiles/CMakeTmp/CMAKE_TRY_COMPILE.build/Debug/cmTC_b0f2d.build/Objects-normal/arm64/cmTC_b0f2d.LinkFileList -object_path_lto /Users/mac/Desktop/xcode/CMakeFiles/CMakeTmp/CMAKE_TRY_COMPILE.build/Debug/cmTC_b0f2d.build/Objects-normal/arm64/cmTC_b0f2d_lto.o -no_deduplicate -v -search_paths_first -headerpad_max_install_names -dependency_info /Users/mac/Desktop/xcode/CMakeFiles/CMakeTmp/CMAKE_TRY_COMPILE.build/Debug/cmTC_b0f2d.build/Objects-normal/arm64/cmTC_b0f2d_dependency_info.dat -lc++ -lSystem /Applications/Xcode.app/Contents/Developer/Toolchains/XcodeDefault.xctoolchain/usr/lib/clang/12.0.5/lib/darwin/libclang_rt.osx.a -F/Users/mac/Desktop/xcode/CMakeFiles/CMakeTmp/Debug
@(#)PROGRAM:ld  PROJECT:ld64-650.9
BUILD 13:09:13 May 28 2021
configured to support archs: armv6 armv7 armv7s arm64 arm64e arm64_32 i386 x86_64 x86_64h armv6m armv7k armv7m armv7em
Library search paths:
	/Users/mac/Desktop/xcode/CMakeFiles/CMakeTmp/Debug
	/Applications/Xcode.app/Contents/Developer/Platforms/MacOSX.platform/Developer/SDKs/MacOSX11.3.sdk/usr/lib
Framework search paths:
	/Users/mac/Desktop/xcode/CMakeFiles/CMakeTmp/Debug
	/Applications/Xcode.app/Contents/Developer/Platforms/MacOSX.platform/Developer/SDKs/MacOSX11.3.sdk/System/Library/Frameworks/

RegisterExecutionPolicyException /Users/mac/Desktop/xcode/CMakeFiles/CMakeTmp/Debug/cmTC_b0f2d (in target 'cmTC_b0f2d' from project 'CMAKE_TRY_COMPILE')
    cd /Users/mac/Desktop/xcode/CMakeFiles/CMakeTmp
    builtin-RegisterExecutionPolicyException /Users/mac/Desktop/xcode/CMakeFiles/CMakeTmp/Debug/cmTC_b0f2d

** BUILD SUCCEEDED **




Parsed CXX implicit include dir info from above output: rv=done
  found start of include info
  found start of implicit include info
    add: [/Applications/Xcode.app/Contents/Developer/Platforms/MacOSX.platform/Developer/SDKs/MacOSX11.3.sdk/usr/include/c++/v1]
    add: [/Applications/Xcode.app/Contents/Developer/Toolchains/XcodeDefault.xctoolchain/usr/lib/clang/12.0.5/include]
    add: [/Applications/Xcode.app/Contents/Developer/Platforms/MacOSX.platform/Developer/SDKs/MacOSX11.3.sdk/usr/include]
    add: [/Applications/Xcode.app/Contents/Developer/Toolchains/XcodeDefault.xctoolchain/usr/include]
  end of search list found
  collapse include dir [/Applications/Xcode.app/Contents/Developer/Platforms/MacOSX.platform/Developer/SDKs/MacOSX11.3.sdk/usr/include/c++/v1] ==> [/Applications/Xcode.app/Contents/Developer/Platforms/MacOSX.platform/Developer/SDKs/MacOSX11.3.sdk/usr/include/c++/v1]
  collapse include dir [/Applications/Xcode.app/Contents/Developer/Toolchains/XcodeDefault.xctoolchain/usr/lib/clang/12.0.5/include] ==> [/Applications/Xcode.app/Contents/Developer/Toolchains/XcodeDefault.xctoolchain/usr/lib/clang/12.0.5/include]
  collapse include dir [/Applications/Xcode.app/Contents/Developer/Platforms/MacOSX.platform/Developer/SDKs/MacOSX11.3.sdk/usr/include] ==> [/Applications/Xcode.app/Contents/Developer/Platforms/MacOSX.platform/Developer/SDKs/MacOSX11.3.sdk/usr/include]
  collapse include dir [/Applications/Xcode.app/Contents/Developer/Toolchains/XcodeDefault.xctoolchain/usr/include] ==> [/Applications/Xcode.app/Contents/Developer/Toolchains/XcodeDefault.xctoolchain/usr/include]
  implicit include dirs: [/Applications/Xcode.app/Contents/Developer/Platforms/MacOSX.platform/Developer/SDKs/MacOSX11.3.sdk/usr/include/c++/v1;/Applications/Xcode.app/Contents/Developer/Toolchains/XcodeDefault.xctoolchain/usr/lib/clang/12.0.5/include;/Applications/Xcode.app/Contents/Developer/Platforms/MacOSX.platform/Developer/SDKs/MacOSX11.3.sdk/usr/include;/Applications/Xcode.app/Contents/Developer/Toolchains/XcodeDefault.xctoolchain/usr/include]


Parsed CXX implicit link information from above output:
  link line regex: [^( *|.*[/\])(ld|CMAKE_LINK_STARTFILE-NOTFOUND|([^/\]+-)?ld|collect2)[^/\]*( |$)]
  ignore line: [Change Dir: /Users/mac/Desktop/xcode/CMakeFiles/CMakeTmp]
  ignore line: []
  ignore line: [Run Build Command(s):/usr/bin/xcodebuild -project CMAKE_TRY_COMPILE.xcodeproj build -target cmTC_b0f2d -parallelizeTargets -configuration Debug -hideShellScriptEnvironment && objc[34128]: Class AMSupportURLConnectionDelegate is implemented in both /usr/lib/libauthinstall.dylib (0x20334bad8) and /System/Library/PrivateFrameworks/MobileDevice.framework/Versions/A/MobileDevice (0x1143b82b8). One of the two will be used. Which one is undefined.]
  ignore line: [objc[34128]: Class AMSupportURLSession is implemented in both /usr/lib/libauthinstall.dylib (0x20334bb28) and /System/Library/PrivateFrameworks/MobileDevice.framework/Versions/A/MobileDevice (0x1143b8308). One of the two will be used. Which one is undefined.]
  ignore line: [Command line invocation:]
  ignore line: [    /Applications/Xcode.app/Contents/Developer/usr/bin/xcodebuild -project CMAKE_TRY_COMPILE.xcodeproj build -target cmTC_b0f2d -parallelizeTargets -configuration Debug -hideShellScriptEnvironment]
  ignore line: []
  ignore line: [User defaults from command line:]
  ignore line: [    HideShellScriptEnvironment = YES]
  ignore line: [    IDEPackageSupportUseBuiltinSCM = YES]
  ignore line: []
  ignore line: [note: Using new build system]
  ignore line: [note: Building targets in parallel]
  ignore line: [note: Planning build]
  ignore line: [note: Analyzing workspace]
  ignore line: [note: Constructing build description]
  ignore line: [note: Build preparation complete]
  ignore line: [CreateBuildDirectory /Users/mac/Desktop/xcode/CMakeFiles/CMakeTmp]
  ignore line: [    cd /Users/mac/Desktop/xcode/CMakeFiles/CMakeTmp/CMAKE_TRY_COMPILE.xcodeproj]
  ignore line: [    builtin-create-build-directory /Users/mac/Desktop/xcode/CMakeFiles/CMakeTmp]
  ignore line: []
  ignore line: [CreateBuildDirectory /Users/mac/Desktop/xcode/CMakeFiles/CMakeTmp/Debug]
  ignore line: [    cd /Users/mac/Desktop/xcode/CMakeFiles/CMakeTmp/CMAKE_TRY_COMPILE.xcodeproj]
  ignore line: [    builtin-create-build-directory /Users/mac/Desktop/xcode/CMakeFiles/CMakeTmp/Debug]
  ignore line: []
  ignore line: [CompileC /Users/mac/Desktop/xcode/CMakeFiles/CMakeTmp/CMAKE_TRY_COMPILE.build/Debug/cmTC_b0f2d.build/Objects-normal/arm64/CMakeCXXCompilerABI.o /opt/homebrew/Cellar/cmake/3.21.2/share/cmake/Modules/CMakeCXXCompilerABI.cpp normal arm64 c++ com.apple.compilers.llvm.clang.1_0.compiler (in target 'cmTC_b0f2d' from project 'CMAKE_TRY_COMPILE')]
  ignore line: [    cd /Users/mac/Desktop/xcode/CMakeFiles/CMakeTmp]
  ignore line: [    /Applications/Xcode.app/Contents/Developer/Toolchains/XcodeDefault.xctoolchain/usr/bin/clang -x c++ -target arm64-apple-macos11.3 -fmessage-length\=0 -fdiagnostics-show-note-include-stack -fmacro-backtrace-limit\=0 -Wno-trigraphs -fpascal-strings -O0 -Wno-missing-field-initializers -Wno-missing-prototypes -Wno-return-type -Wno-non-virtual-dtor -Wno-overloaded-virtual -Wno-exit-time-destructors -Wno-missing-braces -Wparentheses -Wswitch -Wno-unused-function -Wno-unused-label -Wno-unused-parameter -Wno-unused-variable -Wunused-value -Wno-empty-body -Wno-uninitialized -Wno-unknown-pragmas -Wno-shadow -Wno-four-char-constants -Wno-conversion -Wno-constant-conversion -Wno-int-conversion -Wno-bool-conversion -Wno-enum-conversion -Wno-float-conversion -Wno-non-literal-null-conversion -Wno-objc-literal-conversion -Wno-shorten-64-to-32 -Wno-newline-eof -Wno-c++11-extensions -DCMAKE_INTDIR\=\"Debug\" -isysroot /Applications/Xcode.app/Contents/Developer/Platforms/MacOSX.platform/Developer/SDKs/MacOSX11.3.sdk -fstrict-aliasing -Wdeprecated-declarations -Winvalid-offsetof -g -Wno-sign-conversion -Wno-infinite-recursion -Wno-move -Wno-comma -Wno-block-capture-autoreleasing -Wno-strict-prototypes -Wno-range-loop-analysis -Wno-semicolon-before-method-body -I/Users/mac/Desktop/xcode/CMakeFiles/CMakeTmp/Debug/include -I/Users/mac/Desktop/xcode/CMakeFiles/CMakeTmp/CMAKE_TRY_COMPILE.build/Debug/cmTC_b0f2d.build/DerivedSources-normal/arm64 -I/Users/mac/Desktop/xcode/CMakeFiles/CMakeTmp/CMAKE_TRY_COMPILE.build/Debug/cmTC_b0f2d.build/DerivedSources/arm64 -I/Users/mac/Desktop/xcode/CMakeFiles/CMakeTmp/CMAKE_TRY_COMPILE.build/Debug/cmTC_b0f2d.build/DerivedSources -F/Users/mac/Desktop/xcode/CMakeFiles/CMakeTmp/Debug -v -Wl -v -MMD -MT dependencies -MF /Users/mac/Desktop/xcode/CMakeFiles/CMakeTmp/CMAKE_TRY_COMPILE.build/Debug/cmTC_b0f2d.build/Objects-normal/arm64/CMakeCXXCompilerABI.d --serialize-diagnostics /Users/mac/Desktop/xcode/CMakeFiles/CMakeTmp/CMAKE_TRY_COMPILE.build/Debug/cmTC_b0f2d.build/Objects-normal/arm64/CMakeCXXCompilerABI.dia -c /opt/homebrew/Cellar/cmake/3.21.2/share/cmake/Modules/CMakeCXXCompilerABI.cpp -o /Users/mac/Desktop/xcode/CMakeFiles/CMakeTmp/CMAKE_TRY_COMPILE.build/Debug/cmTC_b0f2d.build/Objects-normal/arm64/CMakeCXXCompilerABI.o]
  ignore line: [Apple clang version 12.0.5 (clang-1205.0.22.11)]
  ignore line: [Target: arm64-apple-macos11.3]
  ignore line: [Thread model: posix]
  ignore line: [InstalledDir: /Applications/Xcode.app/Contents/Developer/Toolchains/XcodeDefault.xctoolchain/usr/bin]
  ignore line: [clang: warning: -Wl -v: 'linker' input unused [-Wunused-command-line-argument]]
  ignore line: [ "/Applications/Xcode.app/Contents/Developer/Toolchains/XcodeDefault.xctoolchain/usr/bin/clang" -cc1 -triple arm64-apple-macosx11.3.0 -Wdeprecated-objc-isa-usage -Werror=deprecated-objc-isa-usage -Werror=implicit-function-declaration -emit-obj -mrelax-all -disable-free -disable-llvm-verifier -discard-value-names -main-file-name CMakeCXXCompilerABI.cpp -mrelocation-model pic -pic-level 2 -mframe-pointer=non-leaf -fno-strict-return -fno-rounding-math -munwind-tables -target-sdk-version=11.3 -fvisibility-inlines-hidden-static-local-var -target-cpu apple-a12 -target-feature +v8.3a -target-feature +fp-armv8 -target-feature +neon -target-feature +crc -target-feature +crypto -target-feature +fullfp16 -target-feature +ras -target-feature +lse -target-feature +rdm -target-feature +rcpc -target-feature +zcm -target-feature +zcz -target-feature +sha2 -target-feature +aes -target-abi darwinpcs -fallow-half-arguments-and-returns -debug-info-kind=standalone -dwarf-version=4 -debugger-tuning=lldb -target-linker-version 650.9 -v -resource-dir /Applications/Xcode.app/Contents/Developer/Toolchains/XcodeDefault.xctoolchain/usr/lib/clang/12.0.5 -dependency-file /Users/mac/Desktop/xcode/CMakeFiles/CMakeTmp/CMAKE_TRY_COMPILE.build/Debug/cmTC_b0f2d.build/Objects-normal/arm64/CMakeCXXCompilerABI.d -skip-unused-modulemap-deps -MT dependencies -isysroot /Applications/Xcode.app/Contents/Developer/Platforms/MacOSX.platform/Developer/SDKs/MacOSX11.3.sdk -D "CMAKE_INTDIR=\"Debug\"" -I /Users/mac/Desktop/xcode/CMakeFiles/CMakeTmp/Debug/include -I /Users/mac/Desktop/xcode/CMakeFiles/CMakeTmp/CMAKE_TRY_COMPILE.build/Debug/cmTC_b0f2d.build/DerivedSources-normal/arm64 -I /Users/mac/Desktop/xcode/CMakeFiles/CMakeTmp/CMAKE_TRY_COMPILE.build/Debug/cmTC_b0f2d.build/DerivedSources/arm64 -I /Users/mac/Desktop/xcode/CMakeFiles/CMakeTmp/CMAKE_TRY_COMPILE.build/Debug/cmTC_b0f2d.build/DerivedSources -F/Users/mac/Desktop/xcode/CMakeFiles/CMakeTmp/Debug -stdlib=libc++ -internal-isystem /Applications/Xcode.app/Contents/Developer/Platforms/MacOSX.platform/Developer/SDKs/MacOSX11.3.sdk/usr/include/c++/v1 -internal-isystem /Applications/Xcode.app/Contents/Developer/Platforms/MacOSX.platform/Developer/SDKs/MacOSX11.3.sdk/usr/local/include -internal-isystem /Applications/Xcode.app/Contents/Developer/Toolchains/XcodeDefault.xctoolchain/usr/lib/clang/12.0.5/include -internal-externc-isystem /Applications/Xcode.app/Contents/Developer/Platforms/MacOSX.platform/Developer/SDKs/MacOSX11.3.sdk/usr/include -internal-externc-isystem /Applications/Xcode.app/Contents/Developer/Toolchains/XcodeDefault.xctoolchain/usr/include -O0 -Wno-trigraphs -Wno-missing-field-initializers -Wno-missing-prototypes -Wno-return-type -Wno-non-virtual-dtor -Wno-overloaded-virtual -Wno-exit-time-destructors -Wno-missing-braces -Wparentheses -Wswitch -Wno-unused-function -Wno-unused-label -Wno-unused-parameter -Wno-unused-variable -Wunused-value -Wno-empty-body -Wno-uninitialized -Wno-unknown-pragmas -Wno-shadow -Wno-four-char-constants -Wno-conversion -Wno-constant-conversion -Wno-int-conversion -Wno-bool-conversion -Wno-enum-conversion -Wno-float-conversion -Wno-non-literal-null-conversion -Wno-objc-literal-conversion -Wno-shorten-64-to-32 -Wno-newline-eof -Wno-c++11-extensions -Wdeprecated-declarations -Winvalid-offsetof -Wno-sign-conversion -Wno-infinite-recursion -Wno-move -Wno-comma -Wno-block-capture-autoreleasing -Wno-strict-prototypes -Wno-range-loop-analysis -Wno-semicolon-before-method-body -Wno-reorder-init-list -Wno-implicit-int-float-conversion -Wno-c99-designator -Wno-final-dtor-non-final-class -Wno-extra-semi-stmt -Wno-misleading-indentation -Wno-quoted-include-in-framework-header -Wno-implicit-fallthrough -Wno-enum-enum-conversion -Wno-enum-float-conversion -Wno-elaborated-enum-base -fdeprecated-macro -fdebug-compilation-dir /Users/mac/Desktop/xcode/CMakeFiles/CMakeTmp -ferror-limit 19 -fmacro-backtrace-limit 0 -stack-protector 1 -fstack-check -mdarwin-stkchk-strong-link -fblocks -fencode-extended-block-signature -fregister-global-dtors-with-atexit -fgnuc-version=4.2.1 -fcxx-exceptions -fexceptions -fpascal-strings -fmax-type-align=16 -fcommon -fdiagnostics-show-note-include-stack -serialize-diagnostic-file /Users/mac/Desktop/xcode/CMakeFiles/CMakeTmp/CMAKE_TRY_COMPILE.build/Debug/cmTC_b0f2d.build/Objects-normal/arm64/CMakeCXXCompilerABI.dia -clang-vendor-feature=+disableNonDependentMemberExprInCurrentInstantiation -fno-odr-hash-protocols -mllvm -disable-aligned-alloc-awareness=1 -o /Users/mac/Desktop/xcode/CMakeFiles/CMakeTmp/CMAKE_TRY_COMPILE.build/Debug/cmTC_b0f2d.build/Objects-normal/arm64/CMakeCXXCompilerABI.o -x c++ /opt/homebrew/Cellar/cmake/3.21.2/share/cmake/Modules/CMakeCXXCompilerABI.cpp]
  ignore line: [clang -cc1 version 12.0.5 (clang-1205.0.22.11) default target arm64-apple-darwin20.6.0]
  ignore line: [ignoring nonexistent directory "/Users/mac/Desktop/xcode/CMakeFiles/CMakeTmp/Debug/include"]
  ignore line: [ignoring nonexistent directory "/Users/mac/Desktop/xcode/CMakeFiles/CMakeTmp/CMAKE_TRY_COMPILE.build/Debug/cmTC_b0f2d.build/DerivedSources-normal/arm64"]
  ignore line: [ignoring nonexistent directory "/Users/mac/Desktop/xcode/CMakeFiles/CMakeTmp/CMAKE_TRY_COMPILE.build/Debug/cmTC_b0f2d.build/DerivedSources/arm64"]
  ignore line: [ignoring nonexistent directory "/Users/mac/Desktop/xcode/CMakeFiles/CMakeTmp/CMAKE_TRY_COMPILE.build/Debug/cmTC_b0f2d.build/DerivedSources"]
  ignore line: [ignoring nonexistent directory "/Applications/Xcode.app/Contents/Developer/Platforms/MacOSX.platform/Developer/SDKs/MacOSX11.3.sdk/usr/local/include"]
  ignore line: [ignoring nonexistent directory "/Applications/Xcode.app/Contents/Developer/Platforms/MacOSX.platform/Developer/SDKs/MacOSX11.3.sdk/Library/Frameworks"]
  ignore line: [#include "..." search starts here:]
  ignore line: [#include <...> search starts here:]
  ignore line: [ /Users/mac/Desktop/xcode/CMakeFiles/CMakeTmp/Debug (framework directory)]
  ignore line: [ /Applications/Xcode.app/Contents/Developer/Platforms/MacOSX.platform/Developer/SDKs/MacOSX11.3.sdk/usr/include/c++/v1]
  ignore line: [ /Applications/Xcode.app/Contents/Developer/Toolchains/XcodeDefault.xctoolchain/usr/lib/clang/12.0.5/include]
  ignore line: [ /Applications/Xcode.app/Contents/Developer/Platforms/MacOSX.platform/Developer/SDKs/MacOSX11.3.sdk/usr/include]
  ignore line: [ /Applications/Xcode.app/Contents/Developer/Toolchains/XcodeDefault.xctoolchain/usr/include]
  ignore line: [ /Applications/Xcode.app/Contents/Developer/Platforms/MacOSX.platform/Developer/SDKs/MacOSX11.3.sdk/System/Library/Frameworks (framework directory)]
  ignore line: [End of search list.]
  ignore line: []
  ignore line: [WriteAuxiliaryFile /Users/mac/Desktop/xcode/CMakeFiles/CMakeTmp/CMAKE_TRY_COMPILE.build/Debug/cmTC_b0f2d.build/Objects-normal/arm64/cmTC_b0f2d.LinkFileList (in target 'cmTC_b0f2d' from project 'CMAKE_TRY_COMPILE')]
  ignore line: [    cd /Users/mac/Desktop/xcode/CMakeFiles/CMakeTmp]
  ignore line: [    write-file /Users/mac/Desktop/xcode/CMakeFiles/CMakeTmp/CMAKE_TRY_COMPILE.build/Debug/cmTC_b0f2d.build/Objects-normal/arm64/cmTC_b0f2d.LinkFileList]
  ignore line: []
  ignore line: [Ld /Users/mac/Desktop/xcode/CMakeFiles/CMakeTmp/Debug/cmTC_b0f2d normal (in target 'cmTC_b0f2d' from project 'CMAKE_TRY_COMPILE')]
  ignore line: [    cd /Users/mac/Desktop/xcode/CMakeFiles/CMakeTmp]
  ignore line: [    /Applications/Xcode.app/Contents/Developer/Toolchains/XcodeDefault.xctoolchain/usr/bin/clang++ -target arm64-apple-macos11.3 -isysroot /Applications/Xcode.app/Contents/Developer/Platforms/MacOSX.platform/Developer/SDKs/MacOSX11.3.sdk -L/Users/mac/Desktop/xcode/CMakeFiles/CMakeTmp/Debug -F/Users/mac/Desktop/xcode/CMakeFiles/CMakeTmp/Debug -filelist /Users/mac/Desktop/xcode/CMakeFiles/CMakeTmp/CMAKE_TRY_COMPILE.build/Debug/cmTC_b0f2d.build/Objects-normal/arm64/cmTC_b0f2d.LinkFileList -Xlinker -object_path_lto -Xlinker /Users/mac/Desktop/xcode/CMakeFiles/CMakeTmp/CMAKE_TRY_COMPILE.build/Debug/cmTC_b0f2d.build/Objects-normal/arm64/cmTC_b0f2d_lto.o -Xlinker -no_deduplicate -v -Wl -v -Wl -search_paths_first -Wl -headerpad_max_install_names -Xlinker -dependency_info -Xlinker /Users/mac/Desktop/xcode/CMakeFiles/CMakeTmp/CMAKE_TRY_COMPILE.build/Debug/cmTC_b0f2d.build/Objects-normal/arm64/cmTC_b0f2d_dependency_info.dat -o /Users/mac/Desktop/xcode/CMakeFiles/CMakeTmp/Debug/cmTC_b0f2d]
  ignore line: [Apple clang version 12.0.5 (clang-1205.0.22.11)]
  ignore line: [Target: arm64-apple-macos11.3]
  ignore line: [Thread model: posix]
  ignore line: [InstalledDir: /Applications/Xcode.app/Contents/Developer/Toolchains/XcodeDefault.xctoolchain/usr/bin]
  reduced line: [ "/Applications/Xcode.app/Contents/Developer/Toolchains/XcodeDefault.xctoolchain/usr/bin/ld" -demangle -lto_library /Applications/Xcode.app/Contents/Developer/Toolchains/XcodeDefault.xctoolchain/usr/lib/libLTO.dylib -dynamic -arch arm64 -platform_version macos 11.3.0 11.3 -syslibroot /Applications/Xcode.app/Contents/Developer/Platforms/MacOSX.platform/Developer/SDKs/MacOSX11.3.sdk -o /Users/mac/Desktop/xcode/CMakeFiles/CMakeTmp/Debug/cmTC_b0f2d -L/Users/mac/Desktop/xcode/CMakeFiles/CMakeTmp/Debug -filelist /Users/mac/Desktop/xcode/CMakeFiles/CMakeTmp/CMAKE_TRY_COMPILE.build/Debug/cmTC_b0f2d.build/Objects-normal/arm64/cmTC_b0f2d.LinkFileList -object_path_lto /Users/mac/Desktop/xcode/CMakeFiles/CMakeTmp/CMAKE_TRY_COMPILE.build/Debug/cmTC_b0f2d.build/Objects-normal/arm64/cmTC_b0f2d_lto.o -no_deduplicate -v -search_paths_first -headerpad_max_install_names -dependency_info /Users/mac/Desktop/xcode/CMakeFiles/CMakeTmp/CMAKE_TRY_COMPILE.build/Debug/cmTC_b0f2d.build/Objects-normal/arm64/cmTC_b0f2d_dependency_info.dat -lc++ -lSystem /Applications/Xcode.app/Contents/Developer/Toolchains/XcodeDefault.xctoolchain/usr/lib/clang/12.0.5/lib/darwin/libclang_rt.osx.a -F/Users/mac/Desktop/xcode/CMakeFiles/CMakeTmp/Debug]
            to: [ "/Applications/Xcode.app/Contents/Developer/Toolchains/XcodeDefault.xctoolchain/usr/bin/ld" -demangle -lto_library /Applications/Xcode.app/Contents/Developer/Toolchains/XcodeDefault.xctoolchain/usr/lib/libLTO.dylib -dynamic -arch arm64 -platform_version macos 11.3.0 11.3 -syslibroot /Applications/Xcode.app/Contents/Developer/Platforms/MacOSX.platform/Developer/SDKs/MacOSX11.3.sdk -o /Users/mac/Desktop/xcode/CMakeFiles/CMakeTmp/Debug/cmTC_b0f2d -filelist /Users/mac/Desktop/xcode/CMakeFiles/CMakeTmp/CMAKE_TRY_COMPILE.build/Debug/cmTC_b0f2d.build/Objects-normal/arm64/cmTC_b0f2d.LinkFileList -object_path_lto /Users/mac/Desktop/xcode/CMakeFiles/CMakeTmp/CMAKE_TRY_COMPILE.build/Debug/cmTC_b0f2d.build/Objects-normal/arm64/cmTC_b0f2d_lto.o -no_deduplicate -v -search_paths_first -headerpad_max_install_names -dependency_info /Users/mac/Desktop/xcode/CMakeFiles/CMakeTmp/CMAKE_TRY_COMPILE.build/Debug/cmTC_b0f2d.build/Objects-normal/arm64/cmTC_b0f2d_dependency_info.dat -lc++ -lSystem /Applications/Xcode.app/Contents/Developer/Toolchains/XcodeDefault.xctoolchain/usr/lib/clang/12.0.5/lib/darwin/libclang_rt.osx.a ]
  link line: [ "/Applications/Xcode.app/Contents/Developer/Toolchains/XcodeDefault.xctoolchain/usr/bin/ld" -demangle -lto_library /Applications/Xcode.app/Contents/Developer/Toolchains/XcodeDefault.xctoolchain/usr/lib/libLTO.dylib -dynamic -arch arm64 -platform_version macos 11.3.0 11.3 -syslibroot /Applications/Xcode.app/Contents/Developer/Platforms/MacOSX.platform/Developer/SDKs/MacOSX11.3.sdk -o /Users/mac/Desktop/xcode/CMakeFiles/CMakeTmp/Debug/cmTC_b0f2d -filelist /Users/mac/Desktop/xcode/CMakeFiles/CMakeTmp/CMAKE_TRY_COMPILE.build/Debug/cmTC_b0f2d.build/Objects-normal/arm64/cmTC_b0f2d.LinkFileList -object_path_lto /Users/mac/Desktop/xcode/CMakeFiles/CMakeTmp/CMAKE_TRY_COMPILE.build/Debug/cmTC_b0f2d.build/Objects-normal/arm64/cmTC_b0f2d_lto.o -no_deduplicate -v -search_paths_first -headerpad_max_install_names -dependency_info /Users/mac/Desktop/xcode/CMakeFiles/CMakeTmp/CMAKE_TRY_COMPILE.build/Debug/cmTC_b0f2d.build/Objects-normal/arm64/cmTC_b0f2d_dependency_info.dat -lc++ -lSystem /Applications/Xcode.app/Contents/Developer/Toolchains/XcodeDefault.xctoolchain/usr/lib/clang/12.0.5/lib/darwin/libclang_rt.osx.a ]
    arg [/Applications/Xcode.app/Contents/Developer/Toolchains/XcodeDefault.xctoolchain/usr/bin/ld] ==> ignore
    arg [-demangle] ==> ignore
    arg [-lto_library] ==> ignore, skip following value
    arg [/Applications/Xcode.app/Contents/Developer/Toolchains/XcodeDefault.xctoolchain/usr/lib/libLTO.dylib] ==> skip value of -lto_library
    arg [-dynamic] ==> ignore
    arg [-arch] ==> ignore
    arg [arm64] ==> ignore
    arg [-platform_version] ==> ignore
    arg [macos] ==> ignore
    arg [11.3.0] ==> ignore
    arg [11.3] ==> ignore
    arg [-syslibroot] ==> ignore
    arg [/Applications/Xcode.app/Contents/Developer/Platforms/MacOSX.platform/Developer/SDKs/MacOSX11.3.sdk] ==> ignore
    arg [-o] ==> ignore
    arg [/Users/mac/Desktop/xcode/CMakeFiles/CMakeTmp/Debug/cmTC_b0f2d] ==> ignore
    arg [-filelist] ==> ignore
    arg [/Users/mac/Desktop/xcode/CMakeFiles/CMakeTmp/CMAKE_TRY_COMPILE.build/Debug/cmTC_b0f2d.build/Objects-normal/arm64/cmTC_b0f2d.LinkFileList] ==> ignore
    arg [-object_path_lto] ==> ignore
    arg [/Users/mac/Desktop/xcode/CMakeFiles/CMakeTmp/CMAKE_TRY_COMPILE.build/Debug/cmTC_b0f2d.build/Objects-normal/arm64/cmTC_b0f2d_lto.o] ==> obj [/Users/mac/Desktop/xcode/CMakeFiles/CMakeTmp/CMAKE_TRY_COMPILE.build/Debug/cmTC_b0f2d.build/Objects-normal/arm64/cmTC_b0f2d_lto.o]
    arg [-no_deduplicate] ==> ignore
    arg [-v] ==> ignore
    arg [-search_paths_first] ==> ignore
    arg [-headerpad_max_install_names] ==> ignore
    arg [-dependency_info] ==> ignore
    arg [/Users/mac/Desktop/xcode/CMakeFiles/CMakeTmp/CMAKE_TRY_COMPILE.build/Debug/cmTC_b0f2d.build/Objects-normal/arm64/cmTC_b0f2d_dependency_info.dat] ==> ignore
    arg [-lc++] ==> lib [c++]
    arg [-lSystem] ==> lib [System]
    arg [/Applications/Xcode.app/Contents/Developer/Toolchains/XcodeDefault.xctoolchain/usr/lib/clang/12.0.5/lib/darwin/libclang_rt.osx.a] ==> lib [/Applications/Xcode.app/Contents/Developer/Toolchains/XcodeDefault.xctoolchain/usr/lib/clang/12.0.5/lib/darwin/libclang_rt.osx.a]
  Library search paths: [;/Users/mac/Desktop/xcode/CMakeFiles/CMakeTmp/Debug;/Applications/Xcode.app/Contents/Developer/Platforms/MacOSX.platform/Developer/SDKs/MacOSX11.3.sdk/usr/lib]
  Framework search paths: [;/Users/mac/Desktop/xcode/CMakeFiles/CMakeTmp/Debug;/Applications/Xcode.app/Contents/Developer/Platforms/MacOSX.platform/Developer/SDKs/MacOSX11.3.sdk/System/Library/Frameworks/]
  remove lib [System]
  remove lib [/Applications/Xcode.app/Contents/Developer/Toolchains/XcodeDefault.xctoolchain/usr/lib/clang/12.0.5/lib/darwin/libclang_rt.osx.a]
  collapse library dir [/Users/mac/Desktop/xcode/CMakeFiles/CMakeTmp/Debug] ==> [/Users/mac/Desktop/xcode/CMakeFiles/CMakeTmp/Debug], skipping non-system directory
  collapse library dir [/Applications/Xcode.app/Contents/Developer/Platforms/MacOSX.platform/Developer/SDKs/MacOSX11.3.sdk/usr/lib] ==> [/Applications/Xcode.app/Contents/Developer/Platforms/MacOSX.platform/Developer/SDKs/MacOSX11.3.sdk/usr/lib]
  collapse framework dir [/Users/mac/Desktop/xcode/CMakeFiles/CMakeTmp/Debug] ==> [/Users/mac/Desktop/xcode/CMakeFiles/CMakeTmp/Debug], skipping non-system directory
  collapse framework dir [/Applications/Xcode.app/Contents/Developer/Platforms/MacOSX.platform/Developer/SDKs/MacOSX11.3.sdk/System/Library/Frameworks/] ==> [/Applications/Xcode.app/Contents/Developer/Platforms/MacOSX.platform/Developer/SDKs/MacOSX11.3.sdk/System/Library/Frameworks]
  implicit libs: [c++]
  implicit objs: [/Users/mac/Desktop/xcode/CMakeFiles/CMakeTmp/CMAKE_TRY_COMPILE.build/Debug/cmTC_b0f2d.build/Objects-normal/arm64/cmTC_b0f2d_lto.o]
  implicit dirs: [/Applications/Xcode.app/Contents/Developer/Platforms/MacOSX.platform/Developer/SDKs/MacOSX11.3.sdk/usr/lib]
  implicit fwks: [/Applications/Xcode.app/Contents/Developer/Platforms/MacOSX.platform/Developer/SDKs/MacOSX11.3.sdk/System/Library/Frameworks]


